{"C:\\Users\\Afrihost\\Desktop\\skipamanmainman\\project\\src\\App.tsx": {"path":"C:\\Users\\Afrihost\\Desktop\\skipamanmainman\\project\\src\\App.tsx","statementMap":{"0":{"start":{"line":1,"column":0},"end":{"line":1,"column":26}},"1":{"start":{"line":2,"column":0},"end":{"line":2,"column":74}},"2":{"start":{"line":3,"column":0},"end":{"line":3,"column":53}},"3":{"start":{"line":4,"column":0},"end":{"line":4,"column":48}},"4":{"start":{"line":5,"column":0},"end":{"line":5,"column":40}},"5":{"start":{"line":6,"column":0},"end":{"line":6,"column":40}},"6":{"start":{"line":7,"column":0},"end":{"line":7,"column":46}},"7":{"start":{"line":8,"column":0},"end":{"line":8,"column":48}},"8":{"start":{"line":9,"column":0},"end":{"line":9,"column":34}},"9":{"start":{"line":10,"column":0},"end":{"line":10,"column":54}},"10":{"start":{"line":13,"column":2},"end":{"line":28,"column":4}},"11":{"start":{"line":31,"column":0},"end":{"line":31,"column":19}}},"fnMap":{"0":{"name":"App","decl":{"start":{"line":12,"column":9},"end":{"line":12,"column":12}},"loc":{"start":{"line":12,"column":12},"end":{"line":29,"column":1}}}},"branchMap":{},"s":{"0":0,"1":0,"2":0,"3":0,"4":0,"5":0,"6":0,"7":0,"8":0,"9":0,"10":0,"11":0},"f":{"0":0},"b":{}}
,"C:\\Users\\Afrihost\\Desktop\\skipamanmainman\\project\\src\\components\\cart\\CartPreview.tsx": {"path":"C:\\Users\\Afrihost\\Desktop\\skipamanmainman\\project\\src\\components\\cart\\CartPreview.tsx","statementMap":{"0":{"start":{"line":1,"column":0},"end":{"line":1,"column":49}},"1":{"start":{"line":2,"column":0},"end":{"line":2,"column":58}},"2":{"start":{"line":3,"column":0},"end":{"line":3,"column":52}},"3":{"start":{"line":4,"column":0},"end":{"line":4,"column":53}},"4":{"start":{"line":5,"column":0},"end":{"line":5,"column":38}},"5":{"start":{"line":11,"column":48},"end":{"line":204,"column":1}},"6":{"start":{"line":12,"column":51},"end":{"line":12,"column":60}},"7":{"start":{"line":13,"column":23},"end":{"line":13,"column":51}},"8":{"start":{"line":16,"column":22},"end":{"line":18,"column":3}},"9":{"start":{"line":17,"column":4},"end":{"line":17,"column":34}},"10":{"start":{"line":21,"column":2},"end":{"line":38,"column":16}},"11":{"start":{"line":22,"column":31},"end":{"line":26,"column":5}},"12":{"start":{"line":23,"column":6},"end":{"line":25,"column":7}},"13":{"start":{"line":24,"column":8},"end":{"line":24,"column":18}},"14":{"start":{"line":29,"column":4},"end":{"line":29,"column":63}},"15":{"start":{"line":32,"column":4},"end":{"line":32,"column":44}},"16":{"start":{"line":34,"column":4},"end":{"line":37,"column":6}},"17":{"start":{"line":35,"column":6},"end":{"line":35,"column":68}},"18":{"start":{"line":36,"column":6},"end":{"line":36,"column":40}},"19":{"start":{"line":41,"column":27},"end":{"line":43,"column":3}},"20":{"start":{"line":42,"column":4},"end":{"line":42,"column":24}},"21":{"start":{"line":46,"column":30},"end":{"line":50,"column":3}},"22":{"start":{"line":47,"column":4},"end":{"line":47,"column":23}},"23":{"start":{"line":48,"column":4},"end":{"line":48,"column":24}},"24":{"start":{"line":49,"column":4},"end":{"line":49,"column":29}},"25":{"start":{"line":52,"column":2},"end":{"line":203,"column":4}},"26":{"start":{"line":67,"column":59},"end":{"line":67,"column":80}},"27":{"start":{"line":71,"column":14},"end":{"line":71,"column":34}},"28":{"start":{"line":72,"column":14},"end":{"line":72,"column":24}},"29":{"start":{"line":92,"column":18},"end":{"line":92,"column":38}},"30":{"start":{"line":93,"column":18},"end":{"line":93,"column":28}},"31":{"start":{"line":102,"column":32},"end":{"line":102,"column":62}},"32":{"start":{"line":103,"column":16},"end":{"line":103,"column":42}},"33":{"start":{"line":103,"column":30},"end":{"line":103,"column":42}},"34":{"start":{"line":105,"column":16},"end":{"line":159,"column":18}},"35":{"start":{"line":133,"column":44},"end":{"line":133,"column":121}},"36":{"start":{"line":140,"column":44},"end":{"line":140,"column":108}},"37":{"start":{"line":150,"column":28},"end":{"line":150,"column":48}},"38":{"start":{"line":151,"column":28},"end":{"line":151,"column":50}},"39":{"start":{"line":180,"column":18},"end":{"line":180,"column":38}},"40":{"start":{"line":181,"column":18},"end":{"line":181,"column":53}},"41":{"start":{"line":191,"column":18},"end":{"line":191,"column":38}},"42":{"start":{"line":192,"column":18},"end":{"line":192,"column":28}},"43":{"start":{"line":206,"column":0},"end":{"line":206,"column":27}}},"fnMap":{"0":{"name":"(anonymous_6)","decl":{"start":{"line":11,"column":48},"end":{"line":11,"column":49}},"loc":{"start":{"line":11,"column":64},"end":{"line":204,"column":1}}},"1":{"name":"(anonymous_7)","decl":{"start":{"line":16,"column":22},"end":{"line":16,"column":23}},"loc":{"start":{"line":16,"column":40},"end":{"line":18,"column":3}}},"2":{"name":"(anonymous_8)","decl":{"start":{"line":21,"column":12},"end":{"line":21,"column":15}},"loc":{"start":{"line":21,"column":17},"end":{"line":38,"column":3}}},"3":{"name":"(anonymous_9)","decl":{"start":{"line":22,"column":31},"end":{"line":22,"column":32}},"loc":{"start":{"line":22,"column":53},"end":{"line":26,"column":5}}},"4":{"name":"(anonymous_10)","decl":{"start":{"line":34,"column":11},"end":{"line":34,"column":14}},"loc":{"start":{"line":34,"column":16},"end":{"line":37,"column":5}}},"5":{"name":"(anonymous_11)","decl":{"start":{"line":41,"column":27},"end":{"line":41,"column":28}},"loc":{"start":{"line":41,"column":51},"end":{"line":43,"column":3}}},"6":{"name":"(anonymous_12)","decl":{"start":{"line":46,"column":30},"end":{"line":46,"column":31}},"loc":{"start":{"line":46,"column":139},"end":{"line":50,"column":3}}},"7":{"name":"(anonymous_13)","decl":{"start":{"line":67,"column":42},"end":{"line":67,"column":43}},"loc":{"start":{"line":67,"column":59},"end":{"line":67,"column":80}}},"8":{"name":"(anonymous_14)","decl":{"start":{"line":70,"column":21},"end":{"line":70,"column":22}},"loc":{"start":{"line":70,"column":27},"end":{"line":73,"column":13}}},"9":{"name":"(anonymous_15)","decl":{"start":{"line":91,"column":25},"end":{"line":91,"column":26}},"loc":{"start":{"line":91,"column":31},"end":{"line":94,"column":17}}},"10":{"name":"(anonymous_16)","decl":{"start":{"line":101,"column":30},"end":{"line":101,"column":31}},"loc":{"start":{"line":101,"column":46},"end":{"line":160,"column":15}}},"11":{"name":"(anonymous_17)","decl":{"start":{"line":133,"column":37},"end":{"line":133,"column":38}},"loc":{"start":{"line":133,"column":44},"end":{"line":133,"column":121}}},"12":{"name":"(anonymous_18)","decl":{"start":{"line":140,"column":37},"end":{"line":140,"column":38}},"loc":{"start":{"line":140,"column":44},"end":{"line":140,"column":108}}},"13":{"name":"(anonymous_19)","decl":{"start":{"line":149,"column":35},"end":{"line":149,"column":36}},"loc":{"start":{"line":149,"column":41},"end":{"line":152,"column":27}}},"14":{"name":"(anonymous_20)","decl":{"start":{"line":179,"column":25},"end":{"line":179,"column":26}},"loc":{"start":{"line":179,"column":31},"end":{"line":182,"column":17}}},"15":{"name":"(anonymous_21)","decl":{"start":{"line":190,"column":25},"end":{"line":190,"column":26}},"loc":{"start":{"line":190,"column":31},"end":{"line":193,"column":17}}}},"branchMap":{"0":{"loc":{"start":{"line":23,"column":6},"end":{"line":25,"column":7}},"type":"if","locations":[{"start":{"line":23,"column":6},"end":{"line":25,"column":7}}]},"1":{"loc":{"start":{"line":23,"column":10},"end":{"line":23,"column":86}},"type":"binary-expr","locations":[{"start":{"line":23,"column":10},"end":{"line":23,"column":30}},{"start":{"line":23,"column":34},"end":{"line":23,"column":86}}]},"2":{"loc":{"start":{"line":83,"column":11},"end":{"line":161,"column":null}},"type":"cond-expr","locations":[{"start":{"line":84,"column":12},"end":{"line":97,"column":null}},{"start":{"line":100,"column":12},"end":{"line":160,"column":null}}]},"3":{"loc":{"start":{"line":103,"column":16},"end":{"line":103,"column":42}},"type":"if","locations":[{"start":{"line":103,"column":16},"end":{"line":103,"column":42}}]},"4":{"loc":{"start":{"line":166,"column":9},"end":{"line":199,"column":null}},"type":"binary-expr","locations":[{"start":{"line":166,"column":9},"end":{"line":166,"column":30}},{"start":{"line":167,"column":10},"end":{"line":198,"column":null}}]}},"s":{"0":0,"1":0,"2":0,"3":0,"4":0,"5":0,"6":0,"7":0,"8":0,"9":0,"10":0,"11":0,"12":0,"13":0,"14":0,"15":0,"16":0,"17":0,"18":0,"19":0,"20":0,"21":0,"22":0,"23":0,"24":0,"25":0,"26":0,"27":0,"28":0,"29":0,"30":0,"31":0,"32":0,"33":0,"34":0,"35":0,"36":0,"37":0,"38":0,"39":0,"40":0,"41":0,"42":0,"43":0},"f":{"0":0,"1":0,"2":0,"3":0,"4":0,"5":0,"6":0,"7":0,"8":0,"9":0,"10":0,"11":0,"12":0,"13":0,"14":0,"15":0},"b":{"0":[0],"1":[0,0],"2":[0,0],"3":[0],"4":[0,0]}}
,"C:\\Users\\Afrihost\\Desktop\\skipamanmainman\\project\\src\\components\\checkout\\CheckoutForm.tsx": {"path":"C:\\Users\\Afrihost\\Desktop\\skipamanmainman\\project\\src\\components\\checkout\\CheckoutForm.tsx","statementMap":{"0":{"start":{"line":1,"column":0},"end":{"line":1,"column":40}},"1":{"start":{"line":2,"column":0},"end":{"line":2,"column":38}},"2":{"start":{"line":3,"column":0},"end":{"line":3,"column":80}},"3":{"start":{"line":4,"column":0},"end":{"line":4,"column":52}},"4":{"start":{"line":10,"column":50},"end":{"line":390,"column":1}},"5":{"start":{"line":11,"column":30},"end":{"line":11,"column":39}},"6":{"start":{"line":12,"column":44},"end":{"line":12,"column":103}},"7":{"start":{"line":13,"column":36},"end":{"line":13,"column":51}},"8":{"start":{"line":14,"column":34},"end":{"line":25,"column":4}},"9":{"start":{"line":28,"column":28},"end":{"line":31,"column":3}},"10":{"start":{"line":29,"column":28},"end":{"line":29,"column":36}},"11":{"start":{"line":30,"column":4},"end":{"line":30,"column":48}},"12":{"start":{"line":34,"column":23},"end":{"line":52,"column":3}},"13":{"start":{"line":35,"column":4},"end":{"line":35,"column":23}},"14":{"start":{"line":37,"column":4},"end":{"line":37,"column":23}},"15":{"start":{"line":40,"column":4},"end":{"line":51,"column":13}},"16":{"start":{"line":42,"column":22},"end":{"line":42,"column":99}},"17":{"start":{"line":45,"column":6},"end":{"line":45,"column":18}},"18":{"start":{"line":48,"column":6},"end":{"line":48,"column":26}},"19":{"start":{"line":50,"column":6},"end":{"line":50,"column":26}},"20":{"start":{"line":55,"column":22},"end":{"line":57,"column":3}},"21":{"start":{"line":56,"column":4},"end":{"line":56,"column":34}},"22":{"start":{"line":60,"column":19},"end":{"line":60,"column":29}},"23":{"start":{"line":61,"column":19},"end":{"line":61,"column":43}},"24":{"start":{"line":62,"column":14},"end":{"line":62,"column":29}},"25":{"start":{"line":63,"column":16},"end":{"line":63,"column":41}},"26":{"start":{"line":65,"column":2},"end":{"line":389,"column":4}},"27":{"start":{"line":197,"column":38},"end":{"line":197,"column":62}},"28":{"start":{"line":212,"column":38},"end":{"line":212,"column":64}},"29":{"start":{"line":227,"column":38},"end":{"line":227,"column":65}},"30":{"start":{"line":241,"column":38},"end":{"line":241,"column":65}},"31":{"start":{"line":335,"column":34},"end":{"line":335,"column":64}},"32":{"start":{"line":336,"column":18},"end":{"line":336,"column":44}},"33":{"start":{"line":336,"column":32},"end":{"line":336,"column":44}},"34":{"start":{"line":338,"column":18},"end":{"line":358,"column":20}},"35":{"start":{"line":393,"column":23},"end":{"line":400,"column":1}},"36":{"start":{"line":394,"column":2},"end":{"line":399,"column":4}},"37":{"start":{"line":402,"column":0},"end":{"line":402,"column":28}}},"fnMap":{"0":{"name":"(anonymous_6)","decl":{"start":{"line":10,"column":50},"end":{"line":10,"column":51}},"loc":{"start":{"line":10,"column":69},"end":{"line":390,"column":1}}},"1":{"name":"(anonymous_7)","decl":{"start":{"line":28,"column":28},"end":{"line":28,"column":29}},"loc":{"start":{"line":28,"column":71},"end":{"line":31,"column":3}}},"2":{"name":"(anonymous_8)","decl":{"start":{"line":34,"column":23},"end":{"line":34,"column":24}},"loc":{"start":{"line":34,"column":46},"end":{"line":52,"column":3}}},"3":{"name":"(anonymous_9)","decl":{"start":{"line":40,"column":15},"end":{"line":40,"column":18}},"loc":{"start":{"line":40,"column":20},"end":{"line":51,"column":5}}},"4":{"name":"(anonymous_10)","decl":{"start":{"line":55,"column":22},"end":{"line":55,"column":23}},"loc":{"start":{"line":55,"column":40},"end":{"line":57,"column":3}}},"5":{"name":"(anonymous_11)","decl":{"start":{"line":197,"column":32},"end":{"line":197,"column":35}},"loc":{"start":{"line":197,"column":38},"end":{"line":197,"column":62}}},"6":{"name":"(anonymous_12)","decl":{"start":{"line":212,"column":32},"end":{"line":212,"column":35}},"loc":{"start":{"line":212,"column":38},"end":{"line":212,"column":64}}},"7":{"name":"(anonymous_13)","decl":{"start":{"line":227,"column":32},"end":{"line":227,"column":35}},"loc":{"start":{"line":227,"column":38},"end":{"line":227,"column":65}}},"8":{"name":"(anonymous_14)","decl":{"start":{"line":241,"column":32},"end":{"line":241,"column":35}},"loc":{"start":{"line":241,"column":38},"end":{"line":241,"column":65}}},"9":{"name":"(anonymous_15)","decl":{"start":{"line":334,"column":32},"end":{"line":334,"column":33}},"loc":{"start":{"line":334,"column":48},"end":{"line":359,"column":17}}},"10":{"name":"(anonymous_16)","decl":{"start":{"line":393,"column":23},"end":{"line":393,"column":24}},"loc":{"start":{"line":393,"column":38},"end":{"line":400,"column":1}}}},"branchMap":{"0":{"loc":{"start":{"line":61,"column":19},"end":{"line":61,"column":43}},"type":"cond-expr","locations":[{"start":{"line":61,"column":35},"end":{"line":61,"column":36}},{"start":{"line":61,"column":39},"end":{"line":61,"column":43}}]},"1":{"loc":{"start":{"line":251,"column":15},"end":{"line":302,"column":null}},"type":"binary-expr","locations":[{"start":{"line":251,"column":15},"end":{"line":251,"column":39}},{"start":{"line":252,"column":16},"end":{"line":301,"column":null}}]},"2":{"loc":{"start":{"line":336,"column":18},"end":{"line":336,"column":44}},"type":"if","locations":[{"start":{"line":336,"column":18},"end":{"line":336,"column":44}}]},"3":{"loc":{"start":{"line":370,"column":21},"end":{"line":370,"column":68}},"type":"cond-expr","locations":[{"start":{"line":370,"column":38},"end":{"line":370,"column":44}},{"start":{"line":370,"column":47},"end":{"line":370,"column":68}}]}},"s":{"0":0,"1":0,"2":0,"3":0,"4":0,"5":0,"6":0,"7":0,"8":0,"9":0,"10":0,"11":0,"12":0,"13":0,"14":0,"15":0,"16":0,"17":0,"18":0,"19":0,"20":0,"21":0,"22":0,"23":0,"24":0,"25":0,"26":0,"27":0,"28":0,"29":0,"30":0,"31":0,"32":0,"33":0,"34":0,"35":0,"36":0,"37":0},"f":{"0":0,"1":0,"2":0,"3":0,"4":0,"5":0,"6":0,"7":0,"8":0,"9":0,"10":0},"b":{"0":[0,0],"1":[0,0],"2":[0],"3":[0,0]}}
,"C:\\Users\\Afrihost\\Desktop\\skipamanmainman\\project\\src\\components\\checkout\\OrderConfirmation.tsx": {"path":"C:\\Users\\Afrihost\\Desktop\\skipamanmainman\\project\\src\\components\\checkout\\OrderConfirmation.tsx","statementMap":{"0":{"start":{"line":1,"column":0},"end":{"line":1,"column":26}},"1":{"start":{"line":2,"column":0},"end":{"line":2,"column":49}},"2":{"start":{"line":3,"column":0},"end":{"line":3,"column":38}},"3":{"start":{"line":10,"column":60},"end":{"line":57,"column":1}},"4":{"start":{"line":11,"column":2},"end":{"line":56,"column":4}},"5":{"start":{"line":59,"column":0},"end":{"line":59,"column":33}}},"fnMap":{"0":{"name":"(anonymous_1)","decl":{"start":{"line":10,"column":60},"end":{"line":10,"column":61}},"loc":{"start":{"line":10,"column":96},"end":{"line":57,"column":1}}}},"branchMap":{},"s":{"0":0,"1":0,"2":0,"3":0,"4":0,"5":0},"f":{"0":0},"b":{}}
,"C:\\Users\\Afrihost\\Desktop\\skipamanmainman\\project\\src\\components\\home\\CustomRequest.tsx": {"path":"C:\\Users\\Afrihost\\Desktop\\skipamanmainman\\project\\src\\components\\home\\CustomRequest.tsx","statementMap":{"0":{"start":{"line":1,"column":0},"end":{"line":1,"column":40}},"1":{"start":{"line":2,"column":0},"end":{"line":2,"column":44}},"2":{"start":{"line":4,"column":32},"end":{"line":189,"column":1}},"3":{"start":{"line":5,"column":34},"end":{"line":12,"column":4}},"4":{"start":{"line":14,"column":42},"end":{"line":14,"column":69}},"5":{"start":{"line":15,"column":42},"end":{"line":15,"column":57}},"6":{"start":{"line":16,"column":40},"end":{"line":16,"column":55}},"7":{"start":{"line":18,"column":28},"end":{"line":24,"column":3}},"8":{"start":{"line":19,"column":28},"end":{"line":19,"column":36}},"9":{"start":{"line":20,"column":4},"end":{"line":23,"column":8}},"10":{"start":{"line":20,"column":25},"end":{"line":23,"column":6}},"11":{"start":{"line":26,"column":27},"end":{"line":30,"column":3}},"12":{"start":{"line":27,"column":4},"end":{"line":29,"column":5}},"13":{"start":{"line":28,"column":6},"end":{"line":28,"column":41}},"14":{"start":{"line":32,"column":23},"end":{"line":48,"column":3}},"15":{"start":{"line":33,"column":4},"end":{"line":33,"column":23}},"16":{"start":{"line":34,"column":4},"end":{"line":34,"column":26}},"17":{"start":{"line":35,"column":4},"end":{"line":35,"column":60}},"18":{"start":{"line":35,"column":33},"end":{"line":35,"column":58}},"19":{"start":{"line":36,"column":4},"end":{"line":36,"column":27}},"20":{"start":{"line":37,"column":4},"end":{"line":37,"column":25}},"21":{"start":{"line":38,"column":4},"end":{"line":45,"column":7}},"22":{"start":{"line":46,"column":4},"end":{"line":46,"column":26}},"23":{"start":{"line":47,"column":4},"end":{"line":47,"column":50}},"24":{"start":{"line":47,"column":21},"end":{"line":47,"column":42}},"25":{"start":{"line":50,"column":2},"end":{"line":188,"column":4}},"26":{"start":{"line":191,"column":0},"end":{"line":191,"column":29}}},"fnMap":{"0":{"name":"(anonymous_6)","decl":{"start":{"line":4,"column":32},"end":{"line":4,"column":35}},"loc":{"start":{"line":4,"column":37},"end":{"line":189,"column":1}}},"1":{"name":"(anonymous_7)","decl":{"start":{"line":18,"column":28},"end":{"line":18,"column":29}},"loc":{"start":{"line":18,"column":113},"end":{"line":24,"column":3}}},"2":{"name":"(anonymous_8)","decl":{"start":{"line":20,"column":16},"end":{"line":20,"column":20}},"loc":{"start":{"line":20,"column":25},"end":{"line":23,"column":6}}},"3":{"name":"(anonymous_9)","decl":{"start":{"line":26,"column":27},"end":{"line":26,"column":28}},"loc":{"start":{"line":26,"column":70},"end":{"line":30,"column":3}}},"4":{"name":"(anonymous_10)","decl":{"start":{"line":32,"column":23},"end":{"line":32,"column":28}},"loc":{"start":{"line":32,"column":52},"end":{"line":48,"column":3}}},"5":{"name":"(anonymous_11)","decl":{"start":{"line":35,"column":22},"end":{"line":35,"column":29}},"loc":{"start":{"line":35,"column":33},"end":{"line":35,"column":58}}},"6":{"name":"(anonymous_12)","decl":{"start":{"line":47,"column":15},"end":{"line":47,"column":18}},"loc":{"start":{"line":47,"column":21},"end":{"line":47,"column":42}}}},"branchMap":{"0":{"loc":{"start":{"line":27,"column":4},"end":{"line":29,"column":5}},"type":"if","locations":[{"start":{"line":27,"column":4},"end":{"line":29,"column":5}}]},"1":{"loc":{"start":{"line":27,"column":8},"end":{"line":27,"column":43}},"type":"binary-expr","locations":[{"start":{"line":27,"column":8},"end":{"line":27,"column":22}},{"start":{"line":27,"column":26},"end":{"line":27,"column":43}}]},"2":{"loc":{"start":{"line":149,"column":19},"end":{"line":150,"column":null}},"type":"binary-expr","locations":[{"start":{"line":149,"column":19},"end":{"line":149,"column":31}},{"start":{"line":150,"column":20},"end":{"line":150,"column":71}}]},"3":{"loc":{"start":{"line":177,"column":13},"end":{"line":182,"column":null}},"type":"binary-expr","locations":[{"start":{"line":177,"column":13},"end":{"line":177,"column":24}},{"start":{"line":178,"column":14},"end":{"line":181,"column":null}}]}},"s":{"0":0,"1":0,"2":0,"3":0,"4":0,"5":0,"6":0,"7":0,"8":0,"9":0,"10":0,"11":0,"12":0,"13":0,"14":0,"15":0,"16":0,"17":0,"18":0,"19":0,"20":0,"21":0,"22":0,"23":0,"24":0,"25":0,"26":0},"f":{"0":0,"1":0,"2":0,"3":0,"4":0,"5":0,"6":0},"b":{"0":[0],"1":[0,0],"2":[0,0],"3":[0,0]}}
,"C:\\Users\\Afrihost\\Desktop\\skipamanmainman\\project\\src\\components\\home\\FeaturedProducts.tsx": {"path":"C:\\Users\\Afrihost\\Desktop\\skipamanmainman\\project\\src\\components\\home\\FeaturedProducts.tsx","statementMap":{"0":{"start":{"line":1,"column":0},"end":{"line":1,"column":40}},"1":{"start":{"line":2,"column":0},"end":{"line":2,"column":61}},"2":{"start":{"line":3,"column":0},"end":{"line":3,"column":47}},"3":{"start":{"line":4,"column":0},"end":{"line":4,"column":38}},"4":{"start":{"line":10,"column":58},"end":{"line":105,"column":1}},"5":{"start":{"line":12,"column":27},"end":{"line":12,"column":71}},"6":{"start":{"line":12,"column":54},"end":{"line":12,"column":70}},"7":{"start":{"line":13,"column":26},"end":{"line":13,"column":80}},"8":{"start":{"line":16,"column":46},"end":{"line":16,"column":75}},"9":{"start":{"line":18,"column":25},"end":{"line":20,"column":3}},"10":{"start":{"line":19,"column":4},"end":{"line":19,"column":35}},"11":{"start":{"line":22,"column":28},"end":{"line":25,"column":3}},"12":{"start":{"line":23,"column":4},"end":{"line":23,"column":24}},"13":{"start":{"line":24,"column":4},"end":{"line":24,"column":30}},"14":{"start":{"line":27,"column":2},"end":{"line":104,"column":4}},"15":{"start":{"line":47,"column":12},"end":{"line":48,"column":null}},"16":{"start":{"line":50,"column":34},"end":{"line":50,"column":63}},"17":{"start":{"line":51,"column":34},"end":{"line":51,"column":57}},"18":{"start":{"line":75,"column":36},"end":{"line":75,"column":68}},"19":{"start":{"line":92,"column":34},"end":{"line":92,"column":66}},"20":{"start":{"line":107,"column":0},"end":{"line":107,"column":32}}},"fnMap":{"0":{"name":"(anonymous_6)","decl":{"start":{"line":10,"column":58},"end":{"line":10,"column":59}},"loc":{"start":{"line":10,"column":81},"end":{"line":105,"column":1}}},"1":{"name":"(anonymous_7)","decl":{"start":{"line":12,"column":43},"end":{"line":12,"column":50}},"loc":{"start":{"line":12,"column":54},"end":{"line":12,"column":70}}},"2":{"name":"(anonymous_8)","decl":{"start":{"line":18,"column":25},"end":{"line":18,"column":28}},"loc":{"start":{"line":18,"column":30},"end":{"line":20,"column":3}}},"3":{"name":"(anonymous_9)","decl":{"start":{"line":22,"column":28},"end":{"line":22,"column":29}},"loc":{"start":{"line":22,"column":71},"end":{"line":25,"column":3}}},"4":{"name":"(anonymous_10)","decl":{"start":{"line":46,"column":31},"end":{"line":46,"column":32}},"loc":{"start":{"line":47,"column":12},"end":{"line":48,"column":null}}},"5":{"name":"(anonymous_11)","decl":{"start":{"line":50,"column":28},"end":{"line":50,"column":31}},"loc":{"start":{"line":50,"column":34},"end":{"line":50,"column":63}}},"6":{"name":"(anonymous_12)","decl":{"start":{"line":51,"column":28},"end":{"line":51,"column":31}},"loc":{"start":{"line":51,"column":34},"end":{"line":51,"column":57}}},"7":{"name":"(anonymous_13)","decl":{"start":{"line":75,"column":29},"end":{"line":75,"column":30}},"loc":{"start":{"line":75,"column":36},"end":{"line":75,"column":68}}},"8":{"name":"(anonymous_14)","decl":{"start":{"line":92,"column":27},"end":{"line":92,"column":28}},"loc":{"start":{"line":92,"column":34},"end":{"line":92,"column":66}}}},"branchMap":{"0":{"loc":{"start":{"line":58,"column":87},"end":{"line":58,"column":156}},"type":"cond-expr","locations":[{"start":{"line":58,"column":119},"end":{"line":58,"column":142}},{"start":{"line":58,"column":145},"end":{"line":58,"column":156}}]},"1":{"loc":{"start":{"line":64,"column":17},"end":{"line":67,"column":null}},"type":"binary-expr","locations":[{"start":{"line":64,"column":17},"end":{"line":64,"column":33}},{"start":{"line":65,"column":18},"end":{"line":65,"column":null}}]},"2":{"loc":{"start":{"line":72,"column":86},"end":{"line":72,"column":173}},"type":"cond-expr","locations":[{"start":{"line":72,"column":118},"end":{"line":72,"column":145}},{"start":{"line":72,"column":148},"end":{"line":72,"column":173}}]}},"s":{"0":0,"1":0,"2":0,"3":0,"4":0,"5":0,"6":0,"7":0,"8":0,"9":0,"10":0,"11":0,"12":0,"13":0,"14":0,"15":0,"16":0,"17":0,"18":0,"19":0,"20":0},"f":{"0":0,"1":0,"2":0,"3":0,"4":0,"5":0,"6":0,"7":0,"8":0},"b":{"0":[0,0],"1":[0,0],"2":[0,0]}}
,"C:\\Users\\Afrihost\\Desktop\\skipamanmainman\\project\\src\\components\\home\\Hero.tsx": {"path":"C:\\Users\\Afrihost\\Desktop\\skipamanmainman\\project\\src\\components\\home\\Hero.tsx","statementMap":{"0":{"start":{"line":1,"column":0},"end":{"line":1,"column":51}},"1":{"start":{"line":2,"column":0},"end":{"line":2,"column":38}},"2":{"start":{"line":3,"column":0},"end":{"line":3,"column":42}},"3":{"start":{"line":5,"column":23},"end":{"line":91,"column":1}},"4":{"start":{"line":6,"column":42},"end":{"line":6,"column":53}},"5":{"start":{"line":8,"column":17},"end":{"line":24,"column":4}},"6":{"start":{"line":26,"column":2},"end":{"line":31,"column":9}},"7":{"start":{"line":27,"column":18},"end":{"line":29,"column":12}},"8":{"start":{"line":28,"column":6},"end":{"line":28,"column":60}},"9":{"start":{"line":28,"column":32},"end":{"line":28,"column":58}},"10":{"start":{"line":30,"column":4},"end":{"line":30,"column":38}},"11":{"start":{"line":30,"column":17},"end":{"line":30,"column":37}},"12":{"start":{"line":33,"column":2},"end":{"line":90,"column":4}},"13":{"start":{"line":50,"column":8},"end":{"line":51,"column":null}},"14":{"start":{"line":68,"column":29},"end":{"line":68,"column":59}},"15":{"start":{"line":80,"column":10},"end":{"line":81,"column":null}},"16":{"start":{"line":82,"column":27},"end":{"line":82,"column":49}},"17":{"start":{"line":93,"column":0},"end":{"line":93,"column":20}}},"fnMap":{"0":{"name":"(anonymous_6)","decl":{"start":{"line":5,"column":23},"end":{"line":5,"column":26}},"loc":{"start":{"line":5,"column":28},"end":{"line":91,"column":1}}},"1":{"name":"(anonymous_7)","decl":{"start":{"line":26,"column":12},"end":{"line":26,"column":15}},"loc":{"start":{"line":26,"column":17},"end":{"line":31,"column":3}}},"2":{"name":"(anonymous_8)","decl":{"start":{"line":27,"column":30},"end":{"line":27,"column":33}},"loc":{"start":{"line":27,"column":35},"end":{"line":29,"column":5}}},"3":{"name":"(anonymous_9)","decl":{"start":{"line":28,"column":22},"end":{"line":28,"column":23}},"loc":{"start":{"line":28,"column":32},"end":{"line":28,"column":58}}},"4":{"name":"(anonymous_10)","decl":{"start":{"line":30,"column":11},"end":{"line":30,"column":14}},"loc":{"start":{"line":30,"column":17},"end":{"line":30,"column":37}}},"5":{"name":"(anonymous_11)","decl":{"start":{"line":49,"column":18},"end":{"line":49,"column":19}},"loc":{"start":{"line":50,"column":8},"end":{"line":51,"column":null}}},"6":{"name":"(anonymous_12)","decl":{"start":{"line":68,"column":23},"end":{"line":68,"column":26}},"loc":{"start":{"line":68,"column":29},"end":{"line":68,"column":59}}},"7":{"name":"(anonymous_13)","decl":{"start":{"line":79,"column":20},"end":{"line":79,"column":21}},"loc":{"start":{"line":80,"column":10},"end":{"line":81,"column":null}}},"8":{"name":"(anonymous_14)","decl":{"start":{"line":82,"column":21},"end":{"line":82,"column":24}},"loc":{"start":{"line":82,"column":27},"end":{"line":82,"column":49}}}},"branchMap":{"0":{"loc":{"start":{"line":53,"column":12},"end":{"line":53,"column":null}},"type":"cond-expr","locations":[{"start":{"line":53,"column":37},"end":{"line":53,"column":50}},{"start":{"line":53,"column":53},"end":{"line":53,"column":null}}]},"1":{"loc":{"start":{"line":84,"column":14},"end":{"line":84,"column":null}},"type":"cond-expr","locations":[{"start":{"line":84,"column":39},"end":{"line":84,"column":49}},{"start":{"line":84,"column":52},"end":{"line":84,"column":null}}]}},"s":{"0":0,"1":0,"2":0,"3":0,"4":0,"5":0,"6":0,"7":0,"8":0,"9":0,"10":0,"11":0,"12":0,"13":0,"14":0,"15":0,"16":0,"17":0},"f":{"0":0,"1":0,"2":0,"3":0,"4":0,"5":0,"6":0,"7":0,"8":0},"b":{"0":[0,0],"1":[0,0]}}
,"C:\\Users\\Afrihost\\Desktop\\skipamanmainman\\project\\src\\components\\home\\NewArrivals.tsx": {"path":"C:\\Users\\Afrihost\\Desktop\\skipamanmainman\\project\\src\\components\\home\\NewArrivals.tsx","statementMap":{"0":{"start":{"line":1,"column":0},"end":{"line":1,"column":26}},"1":{"start":{"line":2,"column":0},"end":{"line":2,"column":47}},"2":{"start":{"line":3,"column":0},"end":{"line":3,"column":61}},"3":{"start":{"line":4,"column":0},"end":{"line":4,"column":47}},"4":{"start":{"line":6,"column":30},"end":{"line":138,"column":1}},"5":{"start":{"line":7,"column":19},"end":{"line":7,"column":32}},"6":{"start":{"line":10,"column":22},"end":{"line":10,"column":42}},"7":{"start":{"line":13,"column":27},"end":{"line":13,"column":47}},"8":{"start":{"line":15,"column":28},"end":{"line":18,"column":3}},"9":{"start":{"line":16,"column":4},"end":{"line":16,"column":24}},"10":{"start":{"line":17,"column":4},"end":{"line":17,"column":38}},"11":{"start":{"line":20,"column":2},"end":{"line":137,"column":4}},"12":{"start":{"line":44,"column":14},"end":{"line":45,"column":null}},"13":{"start":{"line":56,"column":36},"end":{"line":56,"column":55}},"14":{"start":{"line":66,"column":36},"end":{"line":66,"column":68}},"15":{"start":{"line":102,"column":14},"end":{"line":103,"column":null}},"16":{"start":{"line":114,"column":36},"end":{"line":114,"column":55}},"17":{"start":{"line":124,"column":36},"end":{"line":124,"column":68}},"18":{"start":{"line":140,"column":0},"end":{"line":140,"column":27}}},"fnMap":{"0":{"name":"(anonymous_1)","decl":{"start":{"line":6,"column":30},"end":{"line":6,"column":33}},"loc":{"start":{"line":6,"column":35},"end":{"line":138,"column":1}}},"1":{"name":"(anonymous_2)","decl":{"start":{"line":15,"column":28},"end":{"line":15,"column":29}},"loc":{"start":{"line":15,"column":71},"end":{"line":18,"column":3}}},"2":{"name":"(anonymous_3)","decl":{"start":{"line":43,"column":29},"end":{"line":43,"column":36}},"loc":{"start":{"line":44,"column":14},"end":{"line":45,"column":null}}},"3":{"name":"(anonymous_4)","decl":{"start":{"line":56,"column":29},"end":{"line":56,"column":30}},"loc":{"start":{"line":56,"column":36},"end":{"line":56,"column":55}}},"4":{"name":"(anonymous_5)","decl":{"start":{"line":66,"column":29},"end":{"line":66,"column":30}},"loc":{"start":{"line":66,"column":36},"end":{"line":66,"column":68}}},"5":{"name":"(anonymous_6)","decl":{"start":{"line":101,"column":34},"end":{"line":101,"column":41}},"loc":{"start":{"line":102,"column":14},"end":{"line":103,"column":null}}},"6":{"name":"(anonymous_7)","decl":{"start":{"line":114,"column":29},"end":{"line":114,"column":30}},"loc":{"start":{"line":114,"column":36},"end":{"line":114,"column":55}}},"7":{"name":"(anonymous_8)","decl":{"start":{"line":124,"column":29},"end":{"line":124,"column":30}},"loc":{"start":{"line":124,"column":36},"end":{"line":124,"column":68}}}},"branchMap":{},"s":{"0":0,"1":0,"2":0,"3":0,"4":0,"5":0,"6":0,"7":0,"8":0,"9":0,"10":0,"11":0,"12":0,"13":0,"14":0,"15":0,"16":0,"17":0,"18":0},"f":{"0":0,"1":0,"2":0,"3":0,"4":0,"5":0,"6":0,"7":0},"b":{}}
,"C:\\Users\\Afrihost\\Desktop\\skipamanmainman\\project\\src\\components\\layout\\Footer.tsx": {"path":"C:\\Users\\Afrihost\\Desktop\\skipamanmainman\\project\\src\\components\\layout\\Footer.tsx","statementMap":{"0":{"start":{"line":1,"column":0},"end":{"line":1,"column":26}},"1":{"start":{"line":2,"column":0},"end":{"line":2,"column":81}},"2":{"start":{"line":4,"column":25},"end":{"line":82,"column":1}},"3":{"start":{"line":5,"column":2},"end":{"line":81,"column":4}},"4":{"start":{"line":84,"column":0},"end":{"line":84,"column":22}}},"fnMap":{"0":{"name":"(anonymous_1)","decl":{"start":{"line":4,"column":25},"end":{"line":4,"column":28}},"loc":{"start":{"line":4,"column":30},"end":{"line":82,"column":1}}}},"branchMap":{},"s":{"0":0,"1":0,"2":0,"3":0,"4":0},"f":{"0":0},"b":{}}
,"C:\\Users\\Afrihost\\Desktop\\skipamanmainman\\project\\src\\components\\layout\\Header.tsx": {"path":"C:\\Users\\Afrihost\\Desktop\\skipamanmainman\\project\\src\\components\\layout\\Header.tsx","statementMap":{"0":{"start":{"line":1,"column":0},"end":{"line":1,"column":51}},"1":{"start":{"line":2,"column":0},"end":{"line":2,"column":60}},"2":{"start":{"line":3,"column":0},"end":{"line":3,"column":52}},"3":{"start":{"line":4,"column":0},"end":{"line":4,"column":46}},"4":{"start":{"line":5,"column":0},"end":{"line":5,"column":39}},"5":{"start":{"line":7,"column":25},"end":{"line":197,"column":1}},"6":{"start":{"line":8,"column":19},"end":{"line":8,"column":28}},"7":{"start":{"line":9,"column":38},"end":{"line":9,"column":53}},"8":{"start":{"line":10,"column":46},"end":{"line":10,"column":61}},"9":{"start":{"line":11,"column":48},"end":{"line":11,"column":63}},"10":{"start":{"line":12,"column":42},"end":{"line":12,"column":57}},"11":{"start":{"line":14,"column":2},"end":{"line":40,"column":9}},"12":{"start":{"line":15,"column":25},"end":{"line":34,"column":5}},"13":{"start":{"line":16,"column":6},"end":{"line":16,"column":41}},"14":{"start":{"line":19,"column":23},"end":{"line":19,"column":87}},"15":{"start":{"line":20,"column":6},"end":{"line":33,"column":7}},"16":{"start":{"line":21,"column":8},"end":{"line":32,"column":9}},"17":{"start":{"line":22,"column":23},"end":{"line":22,"column":54}},"18":{"start":{"line":24,"column":10},"end":{"line":31,"column":11}},"19":{"start":{"line":25,"column":28},"end":{"line":25,"column":76}},"20":{"start":{"line":27,"column":27},"end":{"line":28,"column":112}},"21":{"start":{"line":29,"column":12},"end":{"line":29,"column":36}},"22":{"start":{"line":30,"column":12},"end":{"line":30,"column":18}},"23":{"start":{"line":36,"column":4},"end":{"line":36,"column":52}},"24":{"start":{"line":38,"column":4},"end":{"line":38,"column":19}},"25":{"start":{"line":39,"column":4},"end":{"line":39,"column":68}},"26":{"start":{"line":39,"column":17},"end":{"line":39,"column":67}},"27":{"start":{"line":42,"column":24},"end":{"line":42,"column":84}},"28":{"start":{"line":42,"column":59},"end":{"line":42,"column":80}},"29":{"start":{"line":43,"column":27},"end":{"line":43,"column":67}},"30":{"start":{"line":43,"column":33},"end":{"line":43,"column":67}},"31":{"start":{"line":44,"column":28},"end":{"line":44,"column":70}},"32":{"start":{"line":44,"column":34},"end":{"line":44,"column":70}},"33":{"start":{"line":47,"column":23},"end":{"line":50,"column":3}},"34":{"start":{"line":48,"column":4},"end":{"line":48,"column":43}},"35":{"start":{"line":48,"column":20},"end":{"line":48,"column":43}},"36":{"start":{"line":49,"column":4},"end":{"line":49,"column":57}},"37":{"start":{"line":52,"column":26},"end":{"line":55,"column":3}},"38":{"start":{"line":53,"column":4},"end":{"line":53,"column":47}},"39":{"start":{"line":53,"column":20},"end":{"line":53,"column":47}},"40":{"start":{"line":54,"column":4},"end":{"line":54,"column":67}},"41":{"start":{"line":57,"column":20},"end":{"line":57,"column":34}},"42":{"start":{"line":58,"column":23},"end":{"line":58,"column":40}},"43":{"start":{"line":61,"column":19},"end":{"line":66,"column":4}},"44":{"start":{"line":68,"column":2},"end":{"line":196,"column":4}},"45":{"start":{"line":104,"column":14},"end":{"line":105,"column":null}},"46":{"start":{"line":179,"column":16},"end":{"line":180,"column":null}},"47":{"start":{"line":194,"column":54},"end":{"line":194,"column":79}},"48":{"start":{"line":199,"column":0},"end":{"line":199,"column":22}}},"fnMap":{"0":{"name":"(anonymous_7)","decl":{"start":{"line":7,"column":25},"end":{"line":7,"column":28}},"loc":{"start":{"line":7,"column":30},"end":{"line":197,"column":1}}},"1":{"name":"(anonymous_8)","decl":{"start":{"line":14,"column":12},"end":{"line":14,"column":15}},"loc":{"start":{"line":14,"column":17},"end":{"line":40,"column":3}}},"2":{"name":"(anonymous_9)","decl":{"start":{"line":15,"column":25},"end":{"line":15,"column":28}},"loc":{"start":{"line":15,"column":30},"end":{"line":34,"column":5}}},"3":{"name":"(anonymous_10)","decl":{"start":{"line":39,"column":11},"end":{"line":39,"column":14}},"loc":{"start":{"line":39,"column":17},"end":{"line":39,"column":67}}},"4":{"name":"(anonymous_11)","decl":{"start":{"line":42,"column":42},"end":{"line":42,"column":43}},"loc":{"start":{"line":42,"column":59},"end":{"line":42,"column":80}}},"5":{"name":"(anonymous_12)","decl":{"start":{"line":43,"column":27},"end":{"line":43,"column":30}},"loc":{"start":{"line":43,"column":33},"end":{"line":43,"column":67}}},"6":{"name":"(anonymous_13)","decl":{"start":{"line":44,"column":28},"end":{"line":44,"column":31}},"loc":{"start":{"line":44,"column":34},"end":{"line":44,"column":70}}},"7":{"name":"(anonymous_14)","decl":{"start":{"line":47,"column":23},"end":{"line":47,"column":26}},"loc":{"start":{"line":47,"column":28},"end":{"line":50,"column":3}}},"8":{"name":"(anonymous_15)","decl":{"start":{"line":52,"column":26},"end":{"line":52,"column":29}},"loc":{"start":{"line":52,"column":31},"end":{"line":55,"column":3}}},"9":{"name":"(anonymous_16)","decl":{"start":{"line":103,"column":26},"end":{"line":103,"column":27}},"loc":{"start":{"line":104,"column":14},"end":{"line":105,"column":null}}},"10":{"name":"(anonymous_17)","decl":{"start":{"line":178,"column":28},"end":{"line":178,"column":29}},"loc":{"start":{"line":179,"column":16},"end":{"line":180,"column":null}}},"11":{"name":"(anonymous_18)","decl":{"start":{"line":194,"column":48},"end":{"line":194,"column":51}},"loc":{"start":{"line":194,"column":54},"end":{"line":194,"column":79}}}},"branchMap":{"0":{"loc":{"start":{"line":20,"column":6},"end":{"line":33,"column":7}},"type":"if","locations":[{"start":{"line":20,"column":6},"end":{"line":33,"column":7}}]},"1":{"loc":{"start":{"line":24,"column":10},"end":{"line":31,"column":11}},"type":"if","locations":[{"start":{"line":24,"column":10},"end":{"line":31,"column":11}}]},"2":{"loc":{"start":{"line":24,"column":14},"end":{"line":24,"column":49}},"type":"binary-expr","locations":[{"start":{"line":24,"column":14},"end":{"line":24,"column":28}},{"start":{"line":24,"column":32},"end":{"line":24,"column":49}}]},"3":{"loc":{"start":{"line":27,"column":27},"end":{"line":28,"column":112}},"type":"binary-expr","locations":[{"start":{"line":27,"column":27},"end":{"line":27,"column":54}},{"start":{"line":27,"column":58},"end":{"line":27,"column":84}},{"start":{"line":28,"column":26},"end":{"line":28,"column":64}},{"start":{"line":28,"column":68},"end":{"line":28,"column":112}}]},"4":{"loc":{"start":{"line":48,"column":4},"end":{"line":48,"column":43}},"type":"if","locations":[{"start":{"line":48,"column":4},"end":{"line":48,"column":43}}]},"5":{"loc":{"start":{"line":49,"column":11},"end":{"line":49,"column":56}},"type":"cond-expr","locations":[{"start":{"line":49,"column":26},"end":{"line":49,"column":38}},{"start":{"line":49,"column":41},"end":{"line":49,"column":56}}]},"6":{"loc":{"start":{"line":53,"column":4},"end":{"line":53,"column":47}},"type":"if","locations":[{"start":{"line":53,"column":4},"end":{"line":53,"column":47}}]},"7":{"loc":{"start":{"line":54,"column":11},"end":{"line":54,"column":66}},"type":"cond-expr","locations":[{"start":{"line":54,"column":26},"end":{"line":54,"column":45}},{"start":{"line":54,"column":48},"end":{"line":54,"column":66}}]},"8":{"loc":{"start":{"line":71,"column":8},"end":{"line":71,"column":null}},"type":"cond-expr","locations":[{"start":{"line":71,"column":21},"end":{"line":71,"column":66}},{"start":{"line":71,"column":69},"end":{"line":71,"column":null}}]},"9":{"loc":{"start":{"line":90,"column":67},"end":{"line":90,"column":120}},"type":"cond-expr","locations":[{"start":{"line":90,"column":97},"end":{"line":90,"column":107}},{"start":{"line":90,"column":110},"end":{"line":90,"column":120}}]},"10":{"loc":{"start":{"line":90,"column":67},"end":{"line":90,"column":94}},"type":"binary-expr","locations":[{"start":{"line":90,"column":67},"end":{"line":90,"column":79}},{"start":{"line":90,"column":83},"end":{"line":90,"column":94}}]},"11":{"loc":{"start":{"line":114,"column":68},"end":{"line":114,"column":121}},"type":"cond-expr","locations":[{"start":{"line":114,"column":98},"end":{"line":114,"column":108}},{"start":{"line":114,"column":111},"end":{"line":114,"column":121}}]},"12":{"loc":{"start":{"line":114,"column":68},"end":{"line":114,"column":95}},"type":"binary-expr","locations":[{"start":{"line":114,"column":68},"end":{"line":114,"column":80}},{"start":{"line":114,"column":84},"end":{"line":114,"column":95}}]},"13":{"loc":{"start":{"line":140,"column":15},"end":{"line":148,"column":null}},"type":"binary-expr","locations":[{"start":{"line":140,"column":15},"end":{"line":140,"column":32}},{"start":{"line":141,"column":16},"end":{"line":147,"column":null}}]},"14":{"loc":{"start":{"line":142,"column":57},"end":{"line":142,"column":132}},"type":"cond-expr","locations":[{"start":{"line":142,"column":87},"end":{"line":142,"column":108}},{"start":{"line":142,"column":111},"end":{"line":142,"column":132}}]},"15":{"loc":{"start":{"line":142,"column":57},"end":{"line":142,"column":84}},"type":"binary-expr","locations":[{"start":{"line":142,"column":57},"end":{"line":142,"column":69}},{"start":{"line":142,"column":73},"end":{"line":142,"column":84}}]},"16":{"loc":{"start":{"line":161,"column":15},"end":{"line":163,"column":102}},"type":"cond-expr","locations":[{"start":{"line":162,"column":16},"end":{"line":162,"column":99}},{"start":{"line":163,"column":16},"end":{"line":163,"column":102}}]},"17":{"loc":{"start":{"line":170,"column":9},"end":{"line":189,"column":null}},"type":"binary-expr","locations":[{"start":{"line":170,"column":9},"end":{"line":170,"column":23}},{"start":{"line":171,"column":10},"end":{"line":188,"column":null}}]},"18":{"loc":{"start":{"line":194,"column":7},"end":{"line":194,"column":83}},"type":"binary-expr","locations":[{"start":{"line":194,"column":7},"end":{"line":194,"column":22}},{"start":{"line":194,"column":26},"end":{"line":194,"column":83}}]}},"s":{"0":0,"1":0,"2":0,"3":0,"4":0,"5":0,"6":0,"7":0,"8":0,"9":0,"10":0,"11":0,"12":0,"13":0,"14":0,"15":0,"16":0,"17":0,"18":0,"19":0,"20":0,"21":0,"22":0,"23":0,"24":0,"25":0,"26":0,"27":0,"28":0,"29":0,"30":0,"31":0,"32":0,"33":0,"34":0,"35":0,"36":0,"37":0,"38":0,"39":0,"40":0,"41":0,"42":0,"43":0,"44":0,"45":0,"46":0,"47":0,"48":0},"f":{"0":0,"1":0,"2":0,"3":0,"4":0,"5":0,"6":0,"7":0,"8":0,"9":0,"10":0,"11":0},"b":{"0":[0],"1":[0],"2":[0,0],"3":[0,0,0,0],"4":[0],"5":[0,0],"6":[0],"7":[0,0],"8":[0,0],"9":[0,0],"10":[0,0],"11":[0,0],"12":[0,0],"13":[0,0],"14":[0,0],"15":[0,0],"16":[0,0],"17":[0,0],"18":[0,0]}}
,"C:\\Users\\Afrihost\\Desktop\\skipamanmainman\\project\\src\\components\\layout\\Layout.tsx": {"path":"C:\\Users\\Afrihost\\Desktop\\skipamanmainman\\project\\src\\components\\layout\\Layout.tsx","statementMap":{"0":{"start":{"line":1,"column":0},"end":{"line":1,"column":26}},"1":{"start":{"line":2,"column":0},"end":{"line":2,"column":30}},"2":{"start":{"line":3,"column":0},"end":{"line":3,"column":30}},"3":{"start":{"line":4,"column":0},"end":{"line":4,"column":44}},"4":{"start":{"line":10,"column":38},"end":{"line":21,"column":1}},"5":{"start":{"line":11,"column":2},"end":{"line":20,"column":4}},"6":{"start":{"line":23,"column":0},"end":{"line":23,"column":22}}},"fnMap":{"0":{"name":"(anonymous_1)","decl":{"start":{"line":10,"column":38},"end":{"line":10,"column":39}},"loc":{"start":{"line":10,"column":55},"end":{"line":21,"column":1}}}},"branchMap":{},"s":{"0":0,"1":0,"2":0,"3":0,"4":0,"5":0,"6":0},"f":{"0":0},"b":{}}
,"C:\\Users\\Afrihost\\Desktop\\skipamanmainman\\project\\src\\components\\product\\ProductCard.tsx": {"path":"C:\\Users\\Afrihost\\Desktop\\skipamanmainman\\project\\src\\components\\product\\ProductCard.tsx","statementMap":{"0":{"start":{"line":1,"column":0},"end":{"line":1,"column":40}},"1":{"start":{"line":3,"column":0},"end":{"line":3,"column":50}},"2":{"start":{"line":4,"column":0},"end":{"line":4,"column":38}},"3":{"start":{"line":11,"column":48},"end":{"line":91,"column":1}},"4":{"start":{"line":12,"column":36},"end":{"line":12,"column":51}},"5":{"start":{"line":13,"column":52},"end":{"line":13,"column":63}},"6":{"start":{"line":14,"column":38},"end":{"line":14,"column":53}},"7":{"start":{"line":16,"column":22},"end":{"line":18,"column":3}},"8":{"start":{"line":17,"column":4},"end":{"line":17,"column":34}},"9":{"start":{"line":20,"column":27},"end":{"line":25,"column":3}},"10":{"start":{"line":21,"column":4},"end":{"line":21,"column":23}},"11":{"start":{"line":22,"column":4},"end":{"line":24,"column":5}},"12":{"start":{"line":23,"column":6},"end":{"line":23,"column":30}},"13":{"start":{"line":27,"column":27},"end":{"line":30,"column":3}},"14":{"start":{"line":28,"column":4},"end":{"line":28,"column":24}},"15":{"start":{"line":29,"column":4},"end":{"line":29,"column":28}},"16":{"start":{"line":32,"column":25},"end":{"line":35,"column":3}},"17":{"start":{"line":33,"column":4},"end":{"line":33,"column":24}},"18":{"start":{"line":34,"column":4},"end":{"line":34,"column":31}},"19":{"start":{"line":37,"column":28},"end":{"line":40,"column":3}},"20":{"start":{"line":38,"column":4},"end":{"line":38,"column":24}},"21":{"start":{"line":39,"column":4},"end":{"line":39,"column":24}},"22":{"start":{"line":42,"column":2},"end":{"line":90,"column":4}},"23":{"start":{"line":47,"column":21},"end":{"line":47,"column":40}},"24":{"start":{"line":71,"column":12},"end":{"line":72,"column":null}},"25":{"start":{"line":93,"column":0},"end":{"line":93,"column":27}}},"fnMap":{"0":{"name":"(anonymous_6)","decl":{"start":{"line":11,"column":48},"end":{"line":11,"column":49}},"loc":{"start":{"line":11,"column":73},"end":{"line":91,"column":1}}},"1":{"name":"(anonymous_7)","decl":{"start":{"line":16,"column":22},"end":{"line":16,"column":23}},"loc":{"start":{"line":16,"column":40},"end":{"line":18,"column":3}}},"2":{"name":"(anonymous_8)","decl":{"start":{"line":20,"column":27},"end":{"line":20,"column":30}},"loc":{"start":{"line":20,"column":32},"end":{"line":25,"column":3}}},"3":{"name":"(anonymous_9)","decl":{"start":{"line":27,"column":27},"end":{"line":27,"column":30}},"loc":{"start":{"line":27,"column":32},"end":{"line":30,"column":3}}},"4":{"name":"(anonymous_10)","decl":{"start":{"line":32,"column":25},"end":{"line":32,"column":26}},"loc":{"start":{"line":32,"column":49},"end":{"line":35,"column":3}}},"5":{"name":"(anonymous_11)","decl":{"start":{"line":37,"column":28},"end":{"line":37,"column":29}},"loc":{"start":{"line":37,"column":52},"end":{"line":40,"column":3}}},"6":{"name":"(anonymous_12)","decl":{"start":{"line":47,"column":15},"end":{"line":47,"column":18}},"loc":{"start":{"line":47,"column":21},"end":{"line":47,"column":40}}},"7":{"name":"(anonymous_13)","decl":{"start":{"line":70,"column":30},"end":{"line":70,"column":35}},"loc":{"start":{"line":71,"column":12},"end":{"line":72,"column":null}}}},"branchMap":{"0":{"loc":{"start":{"line":22,"column":4},"end":{"line":24,"column":5}},"type":"if","locations":[{"start":{"line":22,"column":4},"end":{"line":24,"column":5}}]},"1":{"loc":{"start":{"line":57,"column":95},"end":{"line":57,"column":138}},"type":"cond-expr","locations":[{"start":{"line":57,"column":108},"end":{"line":57,"column":123}},{"start":{"line":57,"column":126},"end":{"line":57,"column":138}}]},"2":{"loc":{"start":{"line":59,"column":22},"end":{"line":59,"column":79}},"type":"cond-expr","locations":[{"start":{"line":59,"column":35},"end":{"line":59,"column":58}},{"start":{"line":59,"column":61},"end":{"line":59,"column":79}}]},"3":{"loc":{"start":{"line":61,"column":33},"end":{"line":61,"column":69}},"type":"cond-expr","locations":[{"start":{"line":61,"column":46},"end":{"line":61,"column":60}},{"start":{"line":61,"column":63},"end":{"line":61,"column":69}}]}},"s":{"0":0,"1":0,"2":0,"3":0,"4":0,"5":0,"6":0,"7":0,"8":0,"9":0,"10":0,"11":0,"12":0,"13":0,"14":0,"15":0,"16":0,"17":0,"18":0,"19":0,"20":0,"21":0,"22":0,"23":0,"24":0,"25":0},"f":{"0":0,"1":0,"2":0,"3":0,"4":0,"5":0,"6":0,"7":0},"b":{"0":[0],"1":[0,0],"2":[0,0],"3":[0,0]}}
,"C:\\Users\\Afrihost\\Desktop\\skipamanmainman\\project\\src\\components\\product\\ProductDetail.tsx": {"path":"C:\\Users\\Afrihost\\Desktop\\skipamanmainman\\project\\src\\components\\product\\ProductDetail.tsx","statementMap":{"0":{"start":{"line":1,"column":0},"end":{"line":1,"column":40}},"1":{"start":{"line":4,"column":0},"end":{"line":4,"column":108}},"2":{"start":{"line":5,"column":0},"end":{"line":5,"column":52}},"3":{"start":{"line":12,"column":52},"end":{"line":383,"column":1}},"4":{"start":{"line":13,"column":42},"end":{"line":13,"column":69}},"5":{"start":{"line":14,"column":44},"end":{"line":14,"column":93}},"6":{"start":{"line":15,"column":34},"end":{"line":15,"column":45}},"7":{"start":{"line":16,"column":52},"end":{"line":16,"column":63}},"8":{"start":{"line":17,"column":44},"end":{"line":17,"column":59}},"9":{"start":{"line":18,"column":44},"end":{"line":18,"column":59}},"10":{"start":{"line":19,"column":50},"end":{"line":19,"column":65}},"11":{"start":{"line":21,"column":34},"end":{"line":21,"column":43}},"12":{"start":{"line":24,"column":20},"end":{"line":26,"column":3}},"13":{"start":{"line":25,"column":4},"end":{"line":25,"column":88}},"14":{"start":{"line":25,"column":36},"end":{"line":25,"column":85}},"15":{"start":{"line":28,"column":20},"end":{"line":30,"column":3}},"16":{"start":{"line":29,"column":4},"end":{"line":29,"column":88}},"17":{"start":{"line":29,"column":36},"end":{"line":29,"column":85}},"18":{"start":{"line":33,"column":26},"end":{"line":37,"column":3}},"19":{"start":{"line":34,"column":4},"end":{"line":34,"column":48}},"20":{"start":{"line":34,"column":41},"end":{"line":34,"column":48}},"21":{"start":{"line":36,"column":4},"end":{"line":36,"column":65}},"22":{"start":{"line":40,"column":35},"end":{"line":42,"column":11}},"23":{"start":{"line":45,"column":25},"end":{"line":47,"column":3}},"24":{"start":{"line":46,"column":4},"end":{"line":46,"column":43}},"25":{"start":{"line":49,"column":2},"end":{"line":382,"column":4}},"26":{"start":{"line":186,"column":31},"end":{"line":186,"column":53}},"27":{"start":{"line":197,"column":16},"end":{"line":198,"column":null}},"28":{"start":{"line":199,"column":33},"end":{"line":199,"column":60}},"29":{"start":{"line":221,"column":31},"end":{"line":221,"column":63}},"30":{"start":{"line":230,"column":16},"end":{"line":231,"column":null}},"31":{"start":{"line":232,"column":33},"end":{"line":232,"column":62}},"32":{"start":{"line":250,"column":35},"end":{"line":250,"column":58}},"33":{"start":{"line":291,"column":16},"end":{"line":292,"column":null}},"34":{"start":{"line":293,"column":33},"end":{"line":293,"column":56}},"35":{"start":{"line":354,"column":29},"end":{"line":354,"column":52}},"36":{"start":{"line":368,"column":16},"end":{"line":369,"column":null}},"37":{"start":{"line":370,"column":33},"end":{"line":370,"column":60}},"38":{"start":{"line":385,"column":0},"end":{"line":385,"column":29}}},"fnMap":{"0":{"name":"(anonymous_6)","decl":{"start":{"line":12,"column":52},"end":{"line":12,"column":53}},"loc":{"start":{"line":12,"column":78},"end":{"line":383,"column":1}}},"1":{"name":"(anonymous_7)","decl":{"start":{"line":24,"column":20},"end":{"line":24,"column":23}},"loc":{"start":{"line":24,"column":25},"end":{"line":26,"column":3}}},"2":{"name":"(anonymous_8)","decl":{"start":{"line":25,"column":25},"end":{"line":25,"column":26}},"loc":{"start":{"line":25,"column":36},"end":{"line":25,"column":85}}},"3":{"name":"(anonymous_9)","decl":{"start":{"line":28,"column":20},"end":{"line":28,"column":23}},"loc":{"start":{"line":28,"column":25},"end":{"line":30,"column":3}}},"4":{"name":"(anonymous_10)","decl":{"start":{"line":29,"column":25},"end":{"line":29,"column":26}},"loc":{"start":{"line":29,"column":36},"end":{"line":29,"column":85}}},"5":{"name":"(anonymous_11)","decl":{"start":{"line":33,"column":26},"end":{"line":33,"column":29}},"loc":{"start":{"line":33,"column":31},"end":{"line":37,"column":3}}},"6":{"name":"(anonymous_12)","decl":{"start":{"line":45,"column":25},"end":{"line":45,"column":28}},"loc":{"start":{"line":45,"column":30},"end":{"line":47,"column":3}}},"7":{"name":"(anonymous_13)","decl":{"start":{"line":186,"column":25},"end":{"line":186,"column":28}},"loc":{"start":{"line":186,"column":31},"end":{"line":186,"column":53}}},"8":{"name":"(anonymous_14)","decl":{"start":{"line":196,"column":46},"end":{"line":196,"column":47}},"loc":{"start":{"line":197,"column":16},"end":{"line":198,"column":null}}},"9":{"name":"(anonymous_15)","decl":{"start":{"line":199,"column":27},"end":{"line":199,"column":30}},"loc":{"start":{"line":199,"column":33},"end":{"line":199,"column":60}}},"10":{"name":"(anonymous_16)","decl":{"start":{"line":221,"column":25},"end":{"line":221,"column":28}},"loc":{"start":{"line":221,"column":31},"end":{"line":221,"column":63}}},"11":{"name":"(anonymous_17)","decl":{"start":{"line":229,"column":54},"end":{"line":229,"column":58}},"loc":{"start":{"line":230,"column":16},"end":{"line":231,"column":null}}},"12":{"name":"(anonymous_18)","decl":{"start":{"line":232,"column":27},"end":{"line":232,"column":30}},"loc":{"start":{"line":232,"column":33},"end":{"line":232,"column":62}}},"13":{"name":"(anonymous_19)","decl":{"start":{"line":250,"column":29},"end":{"line":250,"column":32}},"loc":{"start":{"line":250,"column":35},"end":{"line":250,"column":58}}},"14":{"name":"(anonymous_20)","decl":{"start":{"line":290,"column":34},"end":{"line":290,"column":39}},"loc":{"start":{"line":291,"column":16},"end":{"line":292,"column":null}}},"15":{"name":"(anonymous_21)","decl":{"start":{"line":293,"column":27},"end":{"line":293,"column":30}},"loc":{"start":{"line":293,"column":33},"end":{"line":293,"column":56}}},"16":{"name":"(anonymous_22)","decl":{"start":{"line":354,"column":23},"end":{"line":354,"column":26}},"loc":{"start":{"line":354,"column":29},"end":{"line":354,"column":52}}},"17":{"name":"(anonymous_23)","decl":{"start":{"line":367,"column":34},"end":{"line":367,"column":35}},"loc":{"start":{"line":368,"column":16},"end":{"line":369,"column":null}}},"18":{"name":"(anonymous_24)","decl":{"start":{"line":370,"column":27},"end":{"line":370,"column":30}},"loc":{"start":{"line":370,"column":33},"end":{"line":370,"column":60}}}},"branchMap":{"0":{"loc":{"start":{"line":14,"column":67},"end":{"line":14,"column":92}},"type":"binary-expr","locations":[{"start":{"line":14,"column":67},"end":{"line":14,"column":84}},{"start":{"line":14,"column":88},"end":{"line":14,"column":92}}]},"1":{"loc":{"start":{"line":25,"column":36},"end":{"line":25,"column":85}},"type":"cond-expr","locations":[{"start":{"line":25,"column":49},"end":{"line":25,"column":74}},{"start":{"line":25,"column":77},"end":{"line":25,"column":85}}]},"2":{"loc":{"start":{"line":29,"column":36},"end":{"line":29,"column":85}},"type":"cond-expr","locations":[{"start":{"line":29,"column":73},"end":{"line":29,"column":74}},{"start":{"line":29,"column":77},"end":{"line":29,"column":85}}]},"3":{"loc":{"start":{"line":34,"column":4},"end":{"line":34,"column":48}},"type":"if","locations":[{"start":{"line":34,"column":4},"end":{"line":34,"column":48}}]},"4":{"loc":{"start":{"line":34,"column":8},"end":{"line":34,"column":39}},"type":"binary-expr","locations":[{"start":{"line":34,"column":8},"end":{"line":34,"column":21}},{"start":{"line":34,"column":25},"end":{"line":34,"column":39}}]},"5":{"loc":{"start":{"line":40,"column":35},"end":{"line":42,"column":11}},"type":"cond-expr","locations":[{"start":{"line":41,"column":6},"end":{"line":41,"column":55}},{"start":{"line":42,"column":6},"end":{"line":42,"column":11}}]},"6":{"loc":{"start":{"line":40,"column":35},"end":{"line":40,"column":64}},"type":"binary-expr","locations":[{"start":{"line":40,"column":35},"end":{"line":40,"column":47}},{"start":{"line":40,"column":51},"end":{"line":40,"column":64}}]},"7":{"loc":{"start":{"line":164,"column":15},"end":{"line":181,"column":null}},"type":"binary-expr","locations":[{"start":{"line":164,"column":15},"end":{"line":164,"column":40}},{"start":{"line":165,"column":16},"end":{"line":180,"column":null}}]},"8":{"loc":{"start":{"line":200,"column":84},"end":{"line":200,"column":151}},"type":"cond-expr","locations":[{"start":{"line":200,"column":114},"end":{"line":200,"column":128}},{"start":{"line":200,"column":131},"end":{"line":200,"column":151}}]},"9":{"loc":{"start":{"line":234,"column":20},"end":{"line":236,"column":null}},"type":"cond-expr","locations":[{"start":{"line":235,"column":24},"end":{"line":235,"column":58}},{"start":{"line":236,"column":24},"end":{"line":236,"column":null}}]},"10":{"loc":{"start":{"line":245,"column":13},"end":{"line":282,"column":null}},"type":"binary-expr","locations":[{"start":{"line":245,"column":13},"end":{"line":245,"column":26}},{"start":{"line":246,"column":14},"end":{"line":281,"column":null}}]},"11":{"loc":{"start":{"line":295,"column":20},"end":{"line":297,"column":null}},"type":"cond-expr","locations":[{"start":{"line":296,"column":24},"end":{"line":296,"column":56}},{"start":{"line":297,"column":24},"end":{"line":297,"column":null}}]},"12":{"loc":{"start":{"line":302,"column":19},"end":{"line":303,"column":null}},"type":"binary-expr","locations":[{"start":{"line":302,"column":19},"end":{"line":302,"column":53}},{"start":{"line":303,"column":20},"end":{"line":303,"column":81}}]},"13":{"loc":{"start":{"line":319,"column":26},"end":{"line":319,"column":57}},"type":"binary-expr","locations":[{"start":{"line":319,"column":26},"end":{"line":319,"column":39}},{"start":{"line":319,"column":43},"end":{"line":319,"column":57}}]},"14":{"loc":{"start":{"line":333,"column":44},"end":{"line":333,"column":100}},"type":"cond-expr","locations":[{"start":{"line":333,"column":63},"end":{"line":333,"column":91}},{"start":{"line":333,"column":94},"end":{"line":333,"column":100}}]},"15":{"loc":{"start":{"line":338,"column":13},"end":{"line":343,"column":null}},"type":"binary-expr","locations":[{"start":{"line":338,"column":14},"end":{"line":338,"column":27}},{"start":{"line":338,"column":31},"end":{"line":338,"column":45}},{"start":{"line":339,"column":14},"end":{"line":342,"column":null}}]},"16":{"loc":{"start":{"line":340,"column":31},"end":{"line":340,"column":60}},"type":"cond-expr","locations":[{"start":{"line":340,"column":47},"end":{"line":340,"column":55}},{"start":{"line":340,"column":58},"end":{"line":340,"column":60}}]},"17":{"loc":{"start":{"line":341,"column":17},"end":{"line":341,"column":63}},"type":"cond-expr","locations":[{"start":{"line":341,"column":51},"end":{"line":341,"column":58}},{"start":{"line":341,"column":61},"end":{"line":341,"column":63}}]},"18":{"loc":{"start":{"line":341,"column":17},"end":{"line":341,"column":48}},"type":"binary-expr","locations":[{"start":{"line":341,"column":17},"end":{"line":341,"column":30}},{"start":{"line":341,"column":34},"end":{"line":341,"column":48}}]},"19":{"loc":{"start":{"line":342,"column":17},"end":{"line":342,"column":48}},"type":"cond-expr","locations":[{"start":{"line":342,"column":34},"end":{"line":342,"column":43}},{"start":{"line":342,"column":46},"end":{"line":342,"column":48}}]},"20":{"loc":{"start":{"line":350,"column":7},"end":{"line":379,"column":null}},"type":"binary-expr","locations":[{"start":{"line":350,"column":7},"end":{"line":350,"column":20}},{"start":{"line":351,"column":8},"end":{"line":378,"column":null}}]},"21":{"loc":{"start":{"line":372,"column":20},"end":{"line":372,"column":null}},"type":"cond-expr","locations":[{"start":{"line":372,"column":50},"end":{"line":372,"column":60}},{"start":{"line":372,"column":63},"end":{"line":372,"column":null}}]}},"s":{"0":0,"1":0,"2":0,"3":0,"4":0,"5":0,"6":0,"7":0,"8":0,"9":0,"10":0,"11":0,"12":0,"13":0,"14":0,"15":0,"16":0,"17":0,"18":0,"19":0,"20":0,"21":0,"22":0,"23":0,"24":0,"25":0,"26":0,"27":0,"28":0,"29":0,"30":0,"31":0,"32":0,"33":0,"34":0,"35":0,"36":0,"37":0,"38":0},"f":{"0":0,"1":0,"2":0,"3":0,"4":0,"5":0,"6":0,"7":0,"8":0,"9":0,"10":0,"11":0,"12":0,"13":0,"14":0,"15":0,"16":0,"17":0,"18":0},"b":{"0":[0,0],"1":[0,0],"2":[0,0],"3":[0],"4":[0,0],"5":[0,0],"6":[0,0],"7":[0,0],"8":[0,0],"9":[0,0],"10":[0,0],"11":[0,0],"12":[0,0],"13":[0,0],"14":[0,0],"15":[0,0,0],"16":[0,0],"17":[0,0],"18":[0,0],"19":[0,0],"20":[0,0],"21":[0,0]}}
,"C:\\Users\\Afrihost\\Desktop\\skipamanmainman\\project\\src\\components\\product\\ProductGrid.tsx": {"path":"C:\\Users\\Afrihost\\Desktop\\skipamanmainman\\project\\src\\components\\product\\ProductGrid.tsx","statementMap":{"0":{"start":{"line":1,"column":0},"end":{"line":1,"column":40}},"1":{"start":{"line":3,"column":0},"end":{"line":3,"column":40}},"2":{"start":{"line":4,"column":0},"end":{"line":4,"column":54}},"3":{"start":{"line":11,"column":48},"end":{"line":127,"column":1}},"4":{"start":{"line":12,"column":34},"end":{"line":12,"column":60}},"5":{"start":{"line":14,"column":2},"end":{"line":126,"column":4}},"6":{"start":{"line":24,"column":27},"end":{"line":24,"column":46}},"7":{"start":{"line":33,"column":27},"end":{"line":33,"column":46}},"8":{"start":{"line":42,"column":27},"end":{"line":42,"column":50}},"9":{"start":{"line":53,"column":12},"end":{"line":54,"column":null}},"10":{"start":{"line":65,"column":12},"end":{"line":66,"column":null}},"11":{"start":{"line":68,"column":29},"end":{"line":68,"column":55}},"12":{"start":{"line":82,"column":20},"end":{"line":83,"column":null}},"13":{"start":{"line":95,"column":22},"end":{"line":95,"column":42}},"14":{"start":{"line":96,"column":22},"end":{"line":96,"column":49}},"15":{"start":{"line":112,"column":14},"end":{"line":113,"column":null}},"16":{"start":{"line":129,"column":0},"end":{"line":129,"column":27}}},"fnMap":{"0":{"name":"(anonymous_7)","decl":{"start":{"line":11,"column":48},"end":{"line":11,"column":49}},"loc":{"start":{"line":11,"column":81},"end":{"line":127,"column":1}}},"1":{"name":"(anonymous_8)","decl":{"start":{"line":24,"column":21},"end":{"line":24,"column":24}},"loc":{"start":{"line":24,"column":27},"end":{"line":24,"column":46}}},"2":{"name":"(anonymous_9)","decl":{"start":{"line":33,"column":21},"end":{"line":33,"column":24}},"loc":{"start":{"line":33,"column":27},"end":{"line":33,"column":46}}},"3":{"name":"(anonymous_10)","decl":{"start":{"line":42,"column":21},"end":{"line":42,"column":24}},"loc":{"start":{"line":42,"column":27},"end":{"line":42,"column":50}}},"4":{"name":"(anonymous_11)","decl":{"start":{"line":52,"column":24},"end":{"line":52,"column":31}},"loc":{"start":{"line":53,"column":12},"end":{"line":54,"column":null}}},"5":{"name":"(anonymous_12)","decl":{"start":{"line":64,"column":24},"end":{"line":64,"column":31}},"loc":{"start":{"line":65,"column":12},"end":{"line":66,"column":null}}},"6":{"name":"(anonymous_13)","decl":{"start":{"line":68,"column":23},"end":{"line":68,"column":26}},"loc":{"start":{"line":68,"column":29},"end":{"line":68,"column":55}}},"7":{"name":"(anonymous_14)","decl":{"start":{"line":81,"column":38},"end":{"line":81,"column":43}},"loc":{"start":{"line":82,"column":20},"end":{"line":83,"column":null}}},"8":{"name":"(anonymous_15)","decl":{"start":{"line":94,"column":29},"end":{"line":94,"column":30}},"loc":{"start":{"line":94,"column":35},"end":{"line":97,"column":21}}},"9":{"name":"(anonymous_16)","decl":{"start":{"line":111,"column":26},"end":{"line":111,"column":33}},"loc":{"start":{"line":112,"column":14},"end":{"line":113,"column":null}}}},"branchMap":{"0":{"loc":{"start":{"line":22,"column":14},"end":{"line":22,"column":null}},"type":"cond-expr","locations":[{"start":{"line":22,"column":36},"end":{"line":22,"column":63}},{"start":{"line":22,"column":66},"end":{"line":22,"column":null}}]},"1":{"loc":{"start":{"line":31,"column":14},"end":{"line":31,"column":null}},"type":"cond-expr","locations":[{"start":{"line":31,"column":36},"end":{"line":31,"column":63}},{"start":{"line":31,"column":66},"end":{"line":31,"column":null}}]},"2":{"loc":{"start":{"line":40,"column":14},"end":{"line":40,"column":null}},"type":"cond-expr","locations":[{"start":{"line":40,"column":40},"end":{"line":40,"column":67}},{"start":{"line":40,"column":70},"end":{"line":40,"column":null}}]},"3":{"loc":{"start":{"line":50,"column":7},"end":{"line":59,"column":null}},"type":"binary-expr","locations":[{"start":{"line":50,"column":7},"end":{"line":50,"column":26}},{"start":{"line":51,"column":8},"end":{"line":58,"column":null}}]},"4":{"loc":{"start":{"line":62,"column":7},"end":{"line":105,"column":null}},"type":"binary-expr","locations":[{"start":{"line":62,"column":7},"end":{"line":62,"column":26}},{"start":{"line":63,"column":8},"end":{"line":104,"column":null}}]},"5":{"loc":{"start":{"line":108,"column":7},"end":{"line":123,"column":null}},"type":"binary-expr","locations":[{"start":{"line":108,"column":7},"end":{"line":108,"column":30}},{"start":{"line":109,"column":8},"end":{"line":122,"column":null}}]}},"s":{"0":0,"1":0,"2":0,"3":0,"4":0,"5":0,"6":0,"7":0,"8":0,"9":0,"10":0,"11":0,"12":0,"13":0,"14":0,"15":0,"16":0},"f":{"0":0,"1":0,"2":0,"3":0,"4":0,"5":0,"6":0,"7":0,"8":0,"9":0},"b":{"0":[0,0],"1":[0,0],"2":[0,0],"3":[0,0],"4":[0,0],"5":[0,0]}}
,"C:\\Users\\Afrihost\\Desktop\\skipamanmainman\\project\\src\\components\\ui\\Button.tsx": {"path":"C:\\Users\\Afrihost\\Desktop\\skipamanmainman\\project\\src\\components\\ui\\Button.tsx","statementMap":{"0":{"start":{"line":1,"column":0},"end":{"line":1,"column":26}},"1":{"start":{"line":11,"column":45},"end":{"line":57,"column":1}},"2":{"start":{"line":21,"column":21},"end":{"line":21,"column":155}},"3":{"start":{"line":23,"column":24},"end":{"line":28,"column":4}},"4":{"start":{"line":30,"column":21},"end":{"line":34,"column":4}},"5":{"start":{"line":36,"column":22},"end":{"line":36,"column":47}},"6":{"start":{"line":37,"column":25},"end":{"line":37,"column":85}},"7":{"start":{"line":38,"column":23},"end":{"line":38,"column":130}},"8":{"start":{"line":40,"column":2},"end":{"line":56,"column":4}},"9":{"start":{"line":11,"column":13},"end":{"line":11,"column":45}}},"fnMap":{"0":{"name":"(anonymous_1)","decl":{"start":{"line":11,"column":45},"end":{"line":11,"column":46}},"loc":{"start":{"line":20,"column":5},"end":{"line":57,"column":1}}}},"branchMap":{"0":{"loc":{"start":{"line":12,"column":2},"end":{"line":12,"column":21}},"type":"default-arg","locations":[{"start":{"line":12,"column":12},"end":{"line":12,"column":21}}]},"1":{"loc":{"start":{"line":13,"column":2},"end":{"line":13,"column":13}},"type":"default-arg","locations":[{"start":{"line":13,"column":9},"end":{"line":13,"column":13}}]},"2":{"loc":{"start":{"line":14,"column":2},"end":{"line":14,"column":19}},"type":"default-arg","locations":[{"start":{"line":14,"column":14},"end":{"line":14,"column":19}}]},"3":{"loc":{"start":{"line":15,"column":2},"end":{"line":15,"column":19}},"type":"default-arg","locations":[{"start":{"line":15,"column":14},"end":{"line":15,"column":19}}]},"4":{"loc":{"start":{"line":17,"column":2},"end":{"line":17,"column":16}},"type":"default-arg","locations":[{"start":{"line":17,"column":14},"end":{"line":17,"column":16}}]},"5":{"loc":{"start":{"line":36,"column":22},"end":{"line":36,"column":47}},"type":"cond-expr","locations":[{"start":{"line":36,"column":34},"end":{"line":36,"column":42}},{"start":{"line":36,"column":45},"end":{"line":36,"column":47}}]},"6":{"loc":{"start":{"line":37,"column":25},"end":{"line":37,"column":85}},"type":"cond-expr","locations":[{"start":{"line":37,"column":49},"end":{"line":37,"column":80}},{"start":{"line":37,"column":83},"end":{"line":37,"column":85}}]},"7":{"loc":{"start":{"line":37,"column":25},"end":{"line":37,"column":46}},"type":"binary-expr","locations":[{"start":{"line":37,"column":25},"end":{"line":37,"column":33}},{"start":{"line":37,"column":37},"end":{"line":37,"column":46}}]},"8":{"loc":{"start":{"line":43,"column":16},"end":{"line":43,"column":37}},"type":"binary-expr","locations":[{"start":{"line":43,"column":16},"end":{"line":43,"column":24}},{"start":{"line":43,"column":28},"end":{"line":43,"column":37}}]},"9":{"loc":{"start":{"line":46,"column":7},"end":{"line":54,"column":18}},"type":"cond-expr","locations":[{"start":{"line":47,"column":8},"end":{"line":51,"column":null}},{"start":{"line":54,"column":10},"end":{"line":54,"column":18}}]}},"s":{"0":0,"1":0,"2":0,"3":0,"4":0,"5":0,"6":0,"7":0,"8":0,"9":0},"f":{"0":0},"b":{"0":[0],"1":[0],"2":[0],"3":[0],"4":[0],"5":[0,0],"6":[0,0],"7":[0,0],"8":[0,0],"9":[0,0]}}
,"C:\\Users\\Afrihost\\Desktop\\skipamanmainman\\project\\src\\components\\ui\\LoadingSkeleton.tsx": {"path":"C:\\Users\\Afrihost\\Desktop\\skipamanmainman\\project\\src\\components\\ui\\LoadingSkeleton.tsx","statementMap":{"0":{"start":{"line":1,"column":0},"end":{"line":1,"column":26}},"1":{"start":{"line":3,"column":34},"end":{"line":58,"column":1}},"2":{"start":{"line":4,"column":2},"end":{"line":57,"column":4}},"3":{"start":{"line":12,"column":14},"end":{"line":12,"column":31}},"4":{"start":{"line":34,"column":16},"end":{"line":34,"column":33}},"5":{"start":{"line":43,"column":16},"end":{"line":43,"column":33}},"6":{"start":{"line":60,"column":0},"end":{"line":60,"column":31}}},"fnMap":{"0":{"name":"(anonymous_1)","decl":{"start":{"line":3,"column":34},"end":{"line":3,"column":37}},"loc":{"start":{"line":3,"column":39},"end":{"line":58,"column":1}}},"1":{"name":"(anonymous_2)","decl":{"start":{"line":11,"column":31},"end":{"line":11,"column":32}},"loc":{"start":{"line":12,"column":14},"end":{"line":12,"column":31}}},"2":{"name":"(anonymous_3)","decl":{"start":{"line":33,"column":33},"end":{"line":33,"column":34}},"loc":{"start":{"line":34,"column":16},"end":{"line":34,"column":33}}},"3":{"name":"(anonymous_4)","decl":{"start":{"line":42,"column":33},"end":{"line":42,"column":34}},"loc":{"start":{"line":43,"column":16},"end":{"line":43,"column":33}}}},"branchMap":{},"s":{"0":0,"1":0,"2":0,"3":0,"4":0,"5":0,"6":0},"f":{"0":0,"1":0,"2":0,"3":0},"b":{}}
,"C:\\Users\\Afrihost\\Desktop\\skipamanmainman\\project\\src\\components\\ui\\ScrollToTop.tsx": {"path":"C:\\Users\\Afrihost\\Desktop\\skipamanmainman\\project\\src\\components\\ui\\ScrollToTop.tsx","statementMap":{"0":{"start":{"line":1,"column":0},"end":{"line":1,"column":51}},"1":{"start":{"line":2,"column":0},"end":{"line":2,"column":56}},"2":{"start":{"line":3,"column":0},"end":{"line":3,"column":39}},"3":{"start":{"line":5,"column":30},"end":{"line":46,"column":1}},"4":{"start":{"line":6,"column":36},"end":{"line":6,"column":51}},"5":{"start":{"line":8,"column":2},"end":{"line":19,"column":9}},"6":{"start":{"line":9,"column":29},"end":{"line":15,"column":5}},"7":{"start":{"line":10,"column":6},"end":{"line":14,"column":7}},"8":{"start":{"line":11,"column":8},"end":{"line":11,"column":27}},"9":{"start":{"line":13,"column":8},"end":{"line":13,"column":28}},"10":{"start":{"line":17,"column":4},"end":{"line":17,"column":56}},"11":{"start":{"line":18,"column":4},"end":{"line":18,"column":72}},"12":{"start":{"line":18,"column":17},"end":{"line":18,"column":71}},"13":{"start":{"line":21,"column":22},"end":{"line":26,"column":3}},"14":{"start":{"line":22,"column":4},"end":{"line":25,"column":7}},"15":{"start":{"line":28,"column":2},"end":{"line":45,"column":4}},"16":{"start":{"line":48,"column":0},"end":{"line":48,"column":27}}},"fnMap":{"0":{"name":"(anonymous_6)","decl":{"start":{"line":5,"column":30},"end":{"line":5,"column":33}},"loc":{"start":{"line":5,"column":35},"end":{"line":46,"column":1}}},"1":{"name":"(anonymous_7)","decl":{"start":{"line":8,"column":12},"end":{"line":8,"column":15}},"loc":{"start":{"line":8,"column":17},"end":{"line":19,"column":3}}},"2":{"name":"(anonymous_8)","decl":{"start":{"line":9,"column":29},"end":{"line":9,"column":32}},"loc":{"start":{"line":9,"column":34},"end":{"line":15,"column":5}}},"3":{"name":"(anonymous_9)","decl":{"start":{"line":18,"column":11},"end":{"line":18,"column":14}},"loc":{"start":{"line":18,"column":17},"end":{"line":18,"column":71}}},"4":{"name":"(anonymous_10)","decl":{"start":{"line":21,"column":22},"end":{"line":21,"column":25}},"loc":{"start":{"line":21,"column":27},"end":{"line":26,"column":3}}}},"branchMap":{"0":{"loc":{"start":{"line":10,"column":6},"end":{"line":14,"column":7}},"type":"if","locations":[{"start":{"line":10,"column":6},"end":{"line":14,"column":7}},{"start":{"line":12,"column":13},"end":{"line":14,"column":7}}]},"1":{"loc":{"start":{"line":30,"column":7},"end":{"line":42,"column":null}},"type":"binary-expr","locations":[{"start":{"line":30,"column":7},"end":{"line":30,"column":16}},{"start":{"line":31,"column":8},"end":{"line":41,"column":null}}]}},"s":{"0":0,"1":0,"2":0,"3":0,"4":0,"5":0,"6":0,"7":0,"8":0,"9":0,"10":0,"11":0,"12":0,"13":0,"14":0,"15":0,"16":0},"f":{"0":0,"1":0,"2":0,"3":0,"4":0},"b":{"0":[0,0],"1":[0,0]}}
,"C:\\Users\\Afrihost\\Desktop\\skipamanmainman\\project\\src\\context\\CartContext.tsx": {"path":"C:\\Users\\Afrihost\\Desktop\\skipamanmainman\\project\\src\\context\\CartContext.tsx","statementMap":{"0":{"start":{"line":1,"column":0},"end":{"line":1,"column":80}},"1":{"start":{"line":3,"column":0},"end":{"line":3,"column":50}},"2":{"start":{"line":6,"column":26},"end":{"line":9,"column":2}},"3":{"start":{"line":28,"column":20},"end":{"line":28,"column":73}},"4":{"start":{"line":31,"column":20},"end":{"line":100,"column":1}},"5":{"start":{"line":32,"column":2},"end":{"line":99,"column":3}},"6":{"start":{"line":34,"column":51},"end":{"line":34,"column":65}},"7":{"start":{"line":35,"column":22},"end":{"line":35,"column":47}},"8":{"start":{"line":37,"column":6},"end":{"line":37,"column":33}},"9":{"start":{"line":37,"column":20},"end":{"line":37,"column":33}},"10":{"start":{"line":40,"column":32},"end":{"line":41,"column":null}},"11":{"start":{"line":41,"column":16},"end":{"line":41,"column":100}},"12":{"start":{"line":44,"column":6},"end":{"line":54,"column":7}},"13":{"start":{"line":46,"column":29},"end":{"line":46,"column":45}},"14":{"start":{"line":47,"column":8},"end":{"line":47,"column":61}},"15":{"start":{"line":49,"column":8},"end":{"line":53,"column":10}},"16":{"start":{"line":57,"column":32},"end":{"line":62,"column":8}},"17":{"start":{"line":64,"column":6},"end":{"line":68,"column":8}},"18":{"start":{"line":72,"column":27},"end":{"line":72,"column":91}},"19":{"start":{"line":72,"column":60},"end":{"line":72,"column":90}},"20":{"start":{"line":73,"column":6},"end":{"line":77,"column":8}},"21":{"start":{"line":81,"column":34},"end":{"line":81,"column":48}},"22":{"start":{"line":82,"column":6},"end":{"line":82,"column":38}},"23":{"start":{"line":82,"column":25},"end":{"line":82,"column":38}},"24":{"start":{"line":84,"column":27},"end":{"line":84,"column":43}},"25":{"start":{"line":85,"column":6},"end":{"line":85,"column":46}},"26":{"start":{"line":87,"column":6},"end":{"line":91,"column":8}},"27":{"start":{"line":95,"column":6},"end":{"line":95,"column":25}},"28":{"start":{"line":98,"column":6},"end":{"line":98,"column":19}},"29":{"start":{"line":103,"column":23},"end":{"line":108,"column":1}},"30":{"start":{"line":104,"column":2},"end":{"line":107,"column":8}},"31":{"start":{"line":105,"column":20},"end":{"line":105,"column":50}},"32":{"start":{"line":106,"column":4},"end":{"line":106,"column":57}},"33":{"start":{"line":111,"column":69},"end":{"line":154,"column":1}},"34":{"start":{"line":113,"column":20},"end":{"line":113,"column":48}},"35":{"start":{"line":114,"column":23},"end":{"line":114,"column":70}},"36":{"start":{"line":116,"column":27},"end":{"line":116,"column":64}},"37":{"start":{"line":119,"column":2},"end":{"line":121,"column":13}},"38":{"start":{"line":120,"column":4},"end":{"line":120,"column":55}},"39":{"start":{"line":124,"column":20},"end":{"line":126,"column":3}},"40":{"start":{"line":125,"column":4},"end":{"line":125,"column":82}},"41":{"start":{"line":128,"column":25},"end":{"line":130,"column":3}},"42":{"start":{"line":129,"column":4},"end":{"line":129,"column":58}},"43":{"start":{"line":132,"column":25},"end":{"line":134,"column":3}},"44":{"start":{"line":133,"column":4},"end":{"line":133,"column":72}},"45":{"start":{"line":136,"column":20},"end":{"line":138,"column":3}},"46":{"start":{"line":137,"column":4},"end":{"line":137,"column":37}},"47":{"start":{"line":140,"column":19},"end":{"line":147,"column":3}},"48":{"start":{"line":141,"column":4},"end":{"line":146,"column":6}},"49":{"start":{"line":143,"column":8},"end":{"line":145,"column":38}},"50":{"start":{"line":149,"column":2},"end":{"line":153,"column":4}},"51":{"start":{"line":111,"column":13},"end":{"line":111,"column":69}},"52":{"start":{"line":157,"column":23},"end":{"line":163,"column":1}},"53":{"start":{"line":158,"column":18},"end":{"line":158,"column":41}},"54":{"start":{"line":159,"column":2},"end":{"line":161,"column":3}},"55":{"start":{"line":160,"column":4},"end":{"line":160,"column":66}},"56":{"start":{"line":162,"column":2},"end":{"line":162,"column":17}},"57":{"start":{"line":157,"column":13},"end":{"line":157,"column":23}}},"fnMap":{"0":{"name":"(anonymous_6)","decl":{"start":{"line":31,"column":20},"end":{"line":31,"column":21}},"loc":{"start":{"line":31,"column":62},"end":{"line":100,"column":1}}},"1":{"name":"(anonymous_7)","decl":{"start":{"line":41,"column":8},"end":{"line":41,"column":12}},"loc":{"start":{"line":41,"column":16},"end":{"line":41,"column":100}}},"2":{"name":"(anonymous_8)","decl":{"start":{"line":72,"column":46},"end":{"line":72,"column":47}},"loc":{"start":{"line":72,"column":60},"end":{"line":72,"column":90}}},"3":{"name":"(anonymous_9)","decl":{"start":{"line":103,"column":23},"end":{"line":103,"column":24}},"loc":{"start":{"line":103,"column":53},"end":{"line":108,"column":1}}},"4":{"name":"(anonymous_10)","decl":{"start":{"line":104,"column":22},"end":{"line":104,"column":23}},"loc":{"start":{"line":104,"column":38},"end":{"line":107,"column":3}}},"5":{"name":"(anonymous_11)","decl":{"start":{"line":111,"column":69},"end":{"line":111,"column":70}},"loc":{"start":{"line":111,"column":86},"end":{"line":154,"column":1}}},"6":{"name":"(anonymous_12)","decl":{"start":{"line":119,"column":12},"end":{"line":119,"column":15}},"loc":{"start":{"line":119,"column":17},"end":{"line":121,"column":3}}},"7":{"name":"(anonymous_13)","decl":{"start":{"line":124,"column":20},"end":{"line":124,"column":21}},"loc":{"start":{"line":124,"column":86},"end":{"line":126,"column":3}}},"8":{"name":"(anonymous_14)","decl":{"start":{"line":128,"column":25},"end":{"line":128,"column":26}},"loc":{"start":{"line":128,"column":43},"end":{"line":130,"column":3}}},"9":{"name":"(anonymous_15)","decl":{"start":{"line":132,"column":25},"end":{"line":132,"column":26}},"loc":{"start":{"line":132,"column":61},"end":{"line":134,"column":3}}},"10":{"name":"(anonymous_16)","decl":{"start":{"line":136,"column":20},"end":{"line":136,"column":23}},"loc":{"start":{"line":136,"column":25},"end":{"line":138,"column":3}}},"11":{"name":"(anonymous_17)","decl":{"start":{"line":140,"column":19},"end":{"line":140,"column":20}},"loc":{"start":{"line":140,"column":76},"end":{"line":147,"column":3}}},"12":{"name":"(anonymous_18)","decl":{"start":{"line":142,"column":6},"end":{"line":142,"column":10}},"loc":{"start":{"line":143,"column":8},"end":{"line":145,"column":38}}},"13":{"name":"(anonymous_19)","decl":{"start":{"line":157,"column":23},"end":{"line":157,"column":43}},"loc":{"start":{"line":157,"column":45},"end":{"line":163,"column":1}}}},"branchMap":{"0":{"loc":{"start":{"line":32,"column":2},"end":{"line":99,"column":3}},"type":"switch","locations":[{"start":{"line":33,"column":4},"end":{"line":69,"column":5}},{"start":{"line":71,"column":4},"end":{"line":78,"column":5}},{"start":{"line":80,"column":4},"end":{"line":92,"column":5}},{"start":{"line":94,"column":4},"end":{"line":95,"column":25}},{"start":{"line":97,"column":4},"end":{"line":98,"column":19}}]},"1":{"loc":{"start":{"line":37,"column":6},"end":{"line":37,"column":33}},"type":"if","locations":[{"start":{"line":37,"column":6},"end":{"line":37,"colu
[...]
lumn":36},"end":{"line":243,"column":44}},"loc":{"start":{"line":244,"column":22},"end":{"line":244,"column":42}}},"18":{"name":"(anonymous_24)","decl":{"start":{"line":250,"column":36},"end":{"line":250,"column":39}},"loc":{"start":{"line":250,"column":42},"end":{"line":250,"column":110}}},"19":{"name":"(anonymous_25)","decl":{"start":{"line":278,"column":34},"end":{"line":278,"column":35}},"loc":{"start":{"line":278,"column":41},"end":{"line":278,"column":97}}},"20":{"name":"(anonymous_26)","decl":{"start":{"line":296,"column":36},"end":{"line":296,"column":37}},"loc":{"start":{"line":297,"column":16},"end":{"line":297,"column":46}}}},"branchMap":{"0":{"loc":{"start":{"line":23,"column":4},"end":{"line":27,"column":5}},"type":"if","locations":[{"start":{"line":23,"column":4},"end":{"line":27,"column":5}}]},"1":{"loc":{"start":{"line":25,"column":8},"end":{"line":25,"column":67}},"type":"cond-expr","locations":[{"start":{"line":25,"column":50},"end":{"line":25,"column":51}},{"start":{"line":25,"column":54},"end":{"line":25,"column":67}}]},"2":{"loc":{"start":{"line":53,"column":9},"end":{"line":56,"column":null}},"type":"binary-expr","locations":[{"start":{"line":53,"column":9},"end":{"line":53,"column":34}},{"start":{"line":54,"column":10},"end":{"line":55,"column":null}}]},"3":{"loc":{"start":{"line":60,"column":11},"end":{"line":79,"column":null}},"type":"binary-expr","locations":[{"start":{"line":60,"column":11},"end":{"line":60,"column":20}},{"start":{"line":61,"column":12},"end":{"line":78,"column":null}}]},"4":{"loc":{"start":{"line":98,"column":26},"end":{"line":98,"column":43}},"type":"cond-expr","locations":[{"start":{"line":98,"column":38},"end":{"line":98,"column":39}},{"start":{"line":98,"column":42},"end":{"line":98,"column":43}}]},"5":{"loc":{"start":{"line":122,"column":6},"end":{"line":124,"column":7}},"type":"if","locations":[{"start":{"line":122,"column":6},"end":{"line":124,"column":7}}]},"6":{"loc":{"start":{"line":132,"column":4},"end":{"line":134,"column":5}},"type":"if","locations":[{"start":{"line":132,"column":4},"end":{"line":134,"column":5}}]},"7":{"loc":{"start":{"line":132,"column":8},"end":{"line":132,"column":65}},"type":"binary-expr","locations":[{"start":{"line":132,"column":8},"end":{"line":132,"column":24}},{"start":{"line":132,"column":28},"end":{"line":132,"column":65}}]},"8":{"loc":{"start":{"line":135,"column":4},"end":{"line":137,"column":5}},"type":"if","locations":[{"start":{"line":135,"column":4},"end":{"line":137,"column":5}}]},"9":{"loc":{"start":{"line":135,"column":8},"end":{"line":135,"column":70}},"type":"binary-expr","locations":[{"start":{"line":135,"column":8},"end":{"line":135,"column":37}},{"start":{"line":135,"column":41},"end":{"line":135,"column":70}}]},"10":{"loc":{"start":{"line":194,"column":71},"end":{"line":194,"column":125}},"type":"cond-expr","locations":[{"start":{"line":194,"column":103},"end":{"line":194,"column":112}},{"start":{"line":194,"column":115},"end":{"line":194,"column":125}}]},"11":{"loc":{"start":{"line":200,"column":11},"end":{"line":209,"column":null}},"type":"cond-expr","locations":[{"start":{"line":201,"column":12},"end":{"line":203,"column":null}},{"start":{"line":206,"column":12},"end":{"line":208,"column":null}}]},"12":{"loc":{"start":{"line":217,"column":11},"end":{"line":285,"column":null}},"type":"binary-expr","locations":[{"start":{"line":217,"column":12},"end":{"line":217,"column":21}},{"start":{"line":217,"column":25},"end":{"line":217,"column":36}},{"start":{"line":218,"column":12},"end":{"line":284,"column":null}}]},"13":{"loc":{"start":{"line":250,"column":62},"end":{"line":250,"column":109}},"type":"cond-expr","locations":[{"start":{"line":250,"column":94},"end":{"line":250,"column":98}},{"start":{"line":250,"column":101},"end":{"line":250,"column":109}}]},"14":{"loc":{"start":{"line":291,"column":11},"end":{"line":315,"column":null}},"type":"cond-expr","locations":[{"start":{"line":292,"column":12},"end":{"line":298,"column":null}},{"start":{"line":301,"column":12},"end":{"line":314,"column":null}}]}},"s":{"0":0,"1":0,"2":0,"3":0,"4":0,"5":0,"6":0,"7":0,"8":0,"9":0,"10":0,"11":0,"12":0,"13":0,"14":0,"15":0,"16":0,"17":0,"18":0,"19":0,"20":0,"21":0,"22":0,"23":0,"24":0,"25":0,"26":0,"27":0,"28":0,"29":0,"30":0,"31":0,"32":0,"33":0,"34":0,"35":0,"36":0,"37":0,"38":0,"39":0,"40":0,"41":0,"42":0,"43":0,"44":0,"45":0,"46":0,"47":0,"48":0,"49":0,"50":0,"51":0,"52":0,"53":0,"54":0,"55":0},"f":{"0":0,"1":0,"2":0,"3":0,"4":0,"5":0,"6":0,"7":0,"8":0,"9":0,"10":0,"11":0,"12":0,"13":0,"14":0,"15":0,"16":0,"17":0,"18":0,"19":0,"20":0},"b":{"0":[0],"1":[0,0],"2":[0,0],"3":[0,0],"4":[0,0],"5":[0],"6":[0],"7":[0,0],"8":[0],"9":[0,0],"10":[0,0],"11":[0,0],"12":[0,0,0],"13":[0,0],"14":[0,0]}}
,"C:\\Users\\Afrihost\\Desktop\\skipamanmainman\\project\\src\\pages\\ProductPage.tsx": {"path":"C:\\Users\\Afrihost\\Desktop\\skipamanmainman\\project\\src\\pages\\ProductPage.tsx","statementMap":{"0":{"start":{"line":1,"column":0},"end":{"line":1,"column":51}},"1":{"start":{"line":2,"column":0},"end":{"line":2,"column":58}},"2":{"start":{"line":3,"column":0},"end":{"line":3,"column":50}},"3":{"start":{"line":4,"column":0},"end":{"line":4,"column":64}},"4":{"start":{"line":5,"column":0},"end":{"line":5,"column":63}},"5":{"start":{"line":7,"column":30},"end":{"line":54,"column":1}},"6":{"start":{"line":8,"column":17},"end":{"line":8,"column":44}},"7":{"start":{"line":9,"column":19},"end":{"line":9,"column":32}},"8":{"start":{"line":10,"column":36},"end":{"line":10,"column":50}},"9":{"start":{"line":11,"column":32},"end":{"line":11,"column":46}},"10":{"start":{"line":13,"column":2},"end":{"line":24,"column":11}},"11":{"start":{"line":15,"column":18},"end":{"line":21,"column":11}},"12":{"start":{"line":16,"column":6},"end":{"line":19,"column":7}},"13":{"start":{"line":17,"column":29},"end":{"line":17,"column":47}},"14":{"start":{"line":18,"column":8},"end":{"line":18,"column":33}},"15":{"start":{"line":20,"column":6},"end":{"line":20,"column":26}},"16":{"start":{"line":23,"column":4},"end":{"line":23,"column":37}},"17":{"start":{"line":23,"column":17},"end":{"line":23,"column":36}},"18":{"start":{"line":26,"column":23},"end":{"line":28,"column":3}},"19":{"start":{"line":27,"column":4},"end":{"line":27,"column":22}},"20":{"start":{"line":30,"column":2},"end":{"line":32,"column":3}},"21":{"start":{"line":31,"column":4},"end":{"line":31,"column":31}},"22":{"start":{"line":34,"column":2},"end":{"line":47,"column":3}},"23":{"start":{"line":35,"column":4},"end":{"line":46,"column":6}},"24":{"start":{"line":49,"column":2},"end":{"line":53,"column":4}},"25":{"start":{"line":56,"column":0},"end":{"line":56,"column":27}}},"fnMap":{"0":{"name":"(anonymous_7)","decl":{"start":{"line":7,"column":30},"end":{"line":7,"column":33}},"loc":{"start":{"line":7,"column":35},"end":{"line":54,"column":1}}},"1":{"name":"(anonymous_8)","decl":{"start":{"line":13,"column":12},"end":{"line":13,"column":15}},"loc":{"start":{"line":13,"column":17},"end":{"line":24,"column":3}}},"2":{"name":"(anonymous_9)","decl":{"start":{"line":15,"column":29},"end":{"line":15,"column":32}},"loc":{"start":{"line":15,"column":34},"end":{"line":21,"column":5}}},"3":{"name":"(anonymous_10)","decl":{"start":{"line":23,"column":11},"end":{"line":23,"column":14}},"loc":{"start":{"line":23,"column":17},"end":{"line":23,"column":36}}},"4":{"name":"(anonymous_11)","decl":{"start":{"line":26,"column":23},"end":{"line":26,"column":26}},"loc":{"start":{"line":26,"column":28},"end":{"line":28,"column":3}}}},"branchMap":{"0":{"loc":{"start":{"line":16,"column":6},"end":{"line":19,"column":7}},"type":"if","locations":[{"start":{"line":16,"column":6},"end":{"line":19,"column":7}}]},"1":{"loc":{"start":{"line":30,"column":2},"end":{"line":32,"column":3}},"type":"if","locations":[{"start":{"line":30,"column":2},"end":{"line":32,"column":3}}]},"2":{"loc":{"start":{"line":34,"column":2},"end":{"line":47,"column":3}},"type":"if","locations":[{"start":{"line":34,"column":2},"end":{"line":47,"column":3}}]}},"s":{"0":0,"1":0,"2":0,"3":0,"4":0,"5":0,"6":0,"7":0,"8":0,"9":0,"10":0,"11":0,"12":0,"13":0,"14":0,"15":0,"16":0,"17":0,"18":0,"19":0,"20":0,"21":0,"22":0,"23":0,"24":0,"25":0},"f":{"0":0,"1":0,"2":0,"3":0,"4":0},"b":{"0":[0],"1":[0],"2":[0]}}
,"C:\\Users\\Afrihost\\Desktop\\skipamanmainman\\project\\src\\pages\\ShopPage.tsx": {"path":"C:\\Users\\Afrihost\\Desktop\\skipamanmainman\\project\\src\\pages\\ShopPage.tsx","statementMap":{"0":{"start":{"line":1,"column":0},"end":{"line":1,"column":51}},"1":{"start":{"line":2,"column":0},"end":{"line":2,"column":47}},"2":{"start":{"line":3,"column":0},"end":{"line":3,"column":65}},"3":{"start":{"line":4,"column":0},"end":{"line":4,"column":66}},"4":{"start":{"line":17,"column":48},"end":{"line":73,"column":1}},"5":{"start":{"line":18,"column":52},"end":{"line":18,"column":63}},"6":{"start":{"line":20,"column":27},"end":{"line":26,"column":3}},"7":{"start":{"line":21,"column":4},"end":{"line":25,"column":5}},"8":{"start":{"line":22,"column":6},"end":{"line":24,"column":8}},"9":{"start":{"line":23,"column":8},"end":{"line":23,"column":67}},"10":{"start":{"line":28,"column":2},"end":{"line":72,"column":4}},"11":{"start":{"line":32,"column":23},"end":{"line":32,"column":42}},"12":{"start":{"line":61,"column":25},"end":{"line":61,"column":44}},"13":{"start":{"line":75,"column":99},"end":{"line":86,"column":1}},"14":{"start":{"line":79,"column":2},"end":{"line":85,"column":4}},"15":{"start":{"line":82,"column":8},"end":{"line":82,"column":38}},"16":{"start":{"line":89,"column":79},"end":{"line":159,"column":1}},"17":{"start":{"line":90,"column":27},"end":{"line":90,"column":60}},"18":{"start":{"line":92,"column":2},"end":{"line":158,"column":4}},"19":{"start":{"line":101,"column":29},"end":{"line":101,"column":68}},"20":{"start":{"line":113,"column":31},"end":{"line":113,"column":70}},"21":{"start":{"line":131,"column":31},"end":{"line":131,"column":70}},"22":{"start":{"line":148,"column":29},"end":{"line":148,"column":68}},"23":{"start":{"line":161,"column":27},"end":{"line":321,"column":1}},"24":{"start":{"line":162,"column":19},"end":{"line":162,"column":32}},"25":{"start":{"line":163,"column":40},"end":{"line":163,"column":55}},"26":{"start":{"line":164,"column":50},"end":{"line":164,"column":79}},"27":{"start":{"line":165,"column":38},"end":{"line":165,"column":74}},"28":{"start":{"line":166,"column":34},"end":{"line":166,"column":67}},"29":{"start":{"line":169,"column":21},"end":{"line":169,"column":76}},"30":{"start":{"line":169,"column":57},"end":{"line":169,"column":73}},"31":{"start":{"line":172,"column":2},"end":{"line":182,"column":9}},"32":{"start":{"line":173,"column":25},"end":{"line":178,"column":5}},"33":{"start":{"line":174,"column":6},"end":{"line":174,"column":43}},"34":{"start":{"line":175,"column":6},"end":{"line":177,"column":7}},"35":{"start":{"line":176,"column":8},"end":{"line":176,"column":29}},"36":{"start":{"line":180,"column":4},"end":{"line":180,"column":52}},"37":{"start":{"line":181,"column":4},"end":{"line":181,"column":68}},"38":{"start":{"line":181,"column":17},"end":{"line":181,"column":67}},"39":{"start":{"line":185,"column":27},"end":{"line":193,"column":4}},"40":{"start":{"line":186,"column":4},"end":{"line":188,"column":5}},"41":{"start":{"line":187,"column":6},"end":{"line":187,"column":19}},"42":{"start":{"line":189,"column":4},"end":{"line":191,"column":5}},"43":{"start":{"line":190,"column":6},"end":{"line":190,"column":19}},"44":{"start":{"line":192,"column":4},"end":{"line":192,"column":16}},"45":{"start":{"line":195,"column":29},"end":{"line":197,"column":3}},"46":{"start":{"line":196,"column":4},"end":{"line":196,"column":38}},"47":{"start":{"line":199,"column":24},"end":{"line":201,"column":3}},"48":{"start":{"line":200,"column":4},"end":{"line":200,"column":33}},"49":{"start":{"line":203,"column":23},"end":{"line":206,"column":3}},"50":{"start":{"line":204,"column":4},"end":{"line":204,"column":30}},"51":{"start":{"line":205,"column":4},"end":{"line":205,"column":28}},"52":{"start":{"line":208,"column":2},"end":{"line":320,"column":4}},"53":{"start":{"line":258,"column":20},"end":{"line":258,"column":40}},"54":{"start":{"line":264,"column":40},"end":{"line":264,"column":108}},"55":{"start":{"line":292,"column":39},"end":{"line":292,"column":95}},"56":{"start":{"line":323,"column":0},"end":{"line":323,"column":24}}},"fnMap":{"0":{"name":"(anonymous_6)","decl":{"start":{"line":17,"column":48},"end":{"line":17,"column":49}},"loc":{"start":{"line":17,"column":73},"end":{"line":73,"column":1}}},"1":{"name":"(anonymous_7)","decl":{"start":{"line":20,"column":27},"end":{"line":20,"column":30}},"loc":{"start":{"line":20,"column":32},"end":{"line":26,"column":3}}},"2":{"name":"(anonymous_8)","decl":{"start":{"line":22,"column":27},"end":{"line":22,"column":28}},"loc":{"start":{"line":23,"column":8},"end":{"line":23,"column":67}}},"3":{"name":"(anonymous_9)","decl":{"start":{"line":32,"column":17},"end":{"line":32,"column":20}},"loc":{"start":{"line":32,"column":23},"end":{"line":32,"column":42}}},"4":{"name":"(anonymous_10)","decl":{"start":{"line":61,"column":19},"end":{"line":61,"column":22}},"loc":{"start":{"line":61,"column":25},"end":{"line":61,"column":44}}},"5":{"name":"(anonymous_11)","decl":{"start":{"line":75,"column":99},"end":{"line":75,"column":100}},"loc":{"start":{"line":78,"column":5},"end":{"line":86,"column":1}}},"6":{"name":"(anonymous_12)","decl":{"start":{"line":81,"column":20},"end":{"line":81,"column":21}},"loc":{"start":{"line":82,"column":8},"end":{"line":82,"column":38}}},"7":{"name":"(anonymous_13)","decl":{"start":{"line":89,"column":79},"end":{"line":89,"column":80}},"loc":{"start":{"line":89,"column":102},"end":{"line":159,"column":1}}},"8":{"name":"(anonymous_14)","decl":{"start":{"line":101,"column":23},"end":{"line":101,"column":26}},"loc":{"start":{"line":101,"column":29},"end":{"line":101,"column":68}}},"9":{"name":"(anonymous_15)","decl":{"start":{"line":113,"column":25},"end":{"line":113,"column":28}},"loc":{"start":{"line":113,"column":31},"end":{"line":113,"column":70}}},"10":{"name":"(anonymous_16)","decl":{"start":{"line":131,"column":25},"end":{"line":131,"column":28}},"loc":{"start":{"line":131,"column":31},"end":{"line":131,"column":70}}},"11":{"name":"(anonymous_17)","decl":{"start":{"line":148,"column":23},"end":{"line":148,"column":26}},"loc":{"start":{"line":148,"column":29},"end":{"line":148,"column":68}}},"12":{"name":"(anonymous_18)","decl":{"start":{"line":161,"column":27},"end":{"line":161,"column":30}},"loc":{"start":{"line":161,"column":32},"end":{"line":321,"column":1}}},"13":{"name":"(anonymous_19)","decl":{"start":{"line":169,"column":46},"end":{"line":169,"column":53}},"loc":{"start":{"line":169,"column":57},"end":{"line":169,"column":73}}},"14":{"name":"(anonymous_20)","decl":{"start":{"line":172,"column":12},"end":{"line":172,"column":15}},"loc":{"start":{"line":172,"column":17},"end":{"line":182,"column":3}}},"15":{"name":"(anonymous_21)","decl":{"start":{"line":173,"column":25},"end":{"line":173,"column":28}},"loc":{"start":{"line":173,"column":30},"end":{"line":178,"column":5}}},"16":{"name":"(anonymous_22)","decl":{"start":{"line":181,"column":11},"end":{"line":181,"column":14}},"loc":{"start":{"line":181,"column":17},"end":{"line":181,"column":67}}},"17":{"name":"(anonymous_23)","decl":{"start":{"line":185,"column":43},"end":{"line":185,"column":50}},"loc":{"start":{"line":185,"column":53},"end":{"line":193,"column":3}}},"18":{"name":"(anonymous_24)","decl":{"start":{"line":195,"column":29},"end":{"line":195,"column":30}},"loc":{"start":{"line":195,"column":51},"end":{"line":197,"column":3}}},"19":{"name":"(anonymous_25)","decl":{"start":{"line":199,"column":24},"end":{"line":199,"column":27}},"loc":{"start":{"line":199,"column":29},"end":{"line":201,"column":3}}},"20":{"name":"(anonymous_26)","decl":{"start":{"line":203,"column":23},"end":{"line":203,"column":26}},"loc":{"start":{"line":203,"column":28},"end":{"line":206,"column":3}}},"21":{"name":"(anonymous_27)","decl":{"start":{"line":257,"column":34},"end":{"line":257,"column":42}},"loc":{"start":{"line":258,"column":20},"end":{"line":258,"column":40}}},"22":{"name":"(anonymous_28)","decl":{"start":{"line":264,"column":34},"end":{"line":264,"column":37}},"loc":{"start":{"line":264,"column":40},"end":{"line":264,"column":108}}},"23":{"name":"(anonymous_29)","decl":{"start":{"line":292,"column":32},"end":{"line":292,"column":33}},"loc":{"start":{"line":292,"column":39},"end":{"line":292,"column":95}}}},"branchMap":{"0":{"loc":{"start":{"line":21,"column":4},"end":{"line":25,"column":5}},"type":"if","locations":[{"start":{"line":21,"column":4},"end":{"line":25,"column":5}}]},"1":{"loc":{"start":{"line":23,"column":8},"end":{"line":23,"column":67}},"type":"cond-expr","locations":[{"start":{"line":23,"column":50},"end":{"line":23,"column":51}},{"start":{"line":23,"column":54},"end":{"line":23,"column":67}}]},"2":{"loc":{"start":{"line":41,"column":9},"end":{"line":44,"column":null}},"type":"binary-expr","locations":[{"start":{"line":41,"column":9},"end":{"line":41,"column":34}},{"start":{"line":42,"column":10},"end":{"line":43,"column":null}}]},"3":{"loc":{"start":{"line":175,"column":6},"end":{"line":177,"column":7}},"type":"if","locations":[{"start":{"line":175,"column":6},"end":{"line":177,"column":7}}]},"4":{"loc":{"start":{"line":186,"column":4},"end":{"line":188,"column":5}},"type":"if","locations":[{"start":{"line":186,"column":4},"end":{"line":188,"column":5}}]},"5":{"loc":{"start":{"line":186,"column":8},"end":{"line":186,"column":65}},"type":"binary-expr","locations":[{"start":{"line":186,"column":8},"end":{"line":186,"column":24}},{"start":{"line":186,"column":28},"end":{"line":186,"column":65}}]},"6":{"loc":{"start":{"line":189,"column":4},"end":{"line":191,"column":5}},"type":"if","locations":[{"start":{"line":189,"column":4},"end":{"line":191,"column":5}}]},"7":{"loc":{"start":{"line":189,"column":8},"end":{"line":189,"column":70}},"type":"binary-expr","locations":[{"start":{"line":189,"column":8},"end":{"line":189,"column":37}},{"start":{"line":189,"column":41},"end":{"line":189,"column":70}}]},"8":{"loc":{"start":{"line":224,"column":11},"end":{"line":233,"column":null}},"type":"cond-expr","locations":[{"start":{"line":225,"column":12},"end":{"line":227,"column":null}},{"start":{"line":230,"column":12},"end":{"line":232,"column":null}}]},"9":{"loc":{"start":{"line":240,"column":9},"end":{"line":299,"column":null}},"type":"binary-expr","locations":[{"start":{"line":240,"column":10},"end":{"line":240,"column":19}},{"start":{"line":240,"column":23},"end":{"line":240,"column":34}},{"start":{"line":241,"column":10},"end":{"line":298,"column":null}}]},"10":{"loc":{"start":{"line":264,"column":60},"end":{"line":264,"column":107}},"type":"cond-expr","locations":[{"start":{"line":264,"column":92},"end":{"line":264,"column":96}},{"start":{"line":264,"column":99},"end":{"line":264,"column":107}}]},"11":{"loc":{"start":{"line":304,"column":11},"end":{"line":315,"column":null}},"type":"cond-expr","locations":[{"start":{"line":305,"column":12},"end":{"line":305,"column":91}},{"start":{"line":307,"column":12},"end":{"line":314,"column":null}}]}},"s":{"0":0,"1":0,"2":0,"3":0,"4":0,"5":0,"6":0,"7":0,"8":0,"9":0,"10":0,"11":0,"12":0,"13":0,"14":0,"15":0,"16":0,"17":0,"18":0,"19":0,"20":0,"21":0,"22":0,"23":0,"24":0,"25":0,"26":0,"27":0,"28":0,"29":0,"30":0,"31":0,"32":0,"33":0,"34":0,"35":0,"36":0,"37":0,"38":0,"39":0,"40":0,"41":0,"42":0,"43":0,"44":0,"45":0,"46":0,"47":0,"48":0,"49":0,"50":0,"51":0,"52":0,"53":0,"54":0,"55":0,"56":0},"f":{"0":0,"1":0,"2":0,"3":0,"4":0,"5":0,"6":0,"7":0,"8":0,"9":0,"10":0,"11":0,"12":0,"13":0,"14":0,"15":0,"16":0,"17":0,"18":0,"19":0,"20":0,"21":0,"22":0,"23":0},"b":{"0":[0],"1":[0,0],"2":[0,0],"3":[0],"4":[0],"5":[0,0],"6":[0],"7":[0,0],"8":[0,0],"9":[0,0,0],"10":[0,0],"11":[0,0]}}
}
