TN:
SF:src\App.tsx
FN:12,App
FNF:1
FNH:0
FNDA:0,App
DA:1,0
DA:2,0
DA:3,0
DA:4,0
DA:5,0
DA:6,0
DA:7,0
DA:8,0
DA:9,0
DA:10,0
DA:13,0
DA:31,0
LF:12
LH:0
BRF:0
BRH:0
end_of_record
TN:
SF:src\components\cart\CartPreview.tsx
FN:11,(anonymous_6)
FN:16,(anonymous_7)
FN:21,(anonymous_8)
FN:22,(anonymous_9)
FN:34,(anonymous_10)
FN:41,(anonymous_11)
FN:46,(anonymous_12)
FN:67,(anonymous_13)
FN:70,(anonymous_14)
FN:91,(anonymous_15)
FN:101,(anonymous_16)
FN:133,(anonymous_17)
FN:140,(anonymous_18)
FN:149,(anonymous_19)
FN:179,(anonymous_20)
FN:190,(anonymous_21)
FNF:16
FNH:0
FNDA:0,(anonymous_6)
FNDA:0,(anonymous_7)
FNDA:0,(anonymous_8)
FNDA:0,(anonymous_9)
FNDA:0,(anonymous_10)
FNDA:0,(anonymous_11)
FNDA:0,(anonymous_12)
FNDA:0,(anonymous_13)
FNDA:0,(anonymous_14)
FNDA:0,(anonymous_15)
FNDA:0,(anonymous_16)
FNDA:0,(anonymous_17)
FNDA:0,(anonymous_18)
FNDA:0,(anonymous_19)
FNDA:0,(anonymous_20)
FNDA:0,(anonymous_21)
DA:1,0
DA:2,0
DA:3,0
DA:4,0
DA:5,0
DA:11,0
DA:12,0
DA:13,0
DA:16,0
DA:17,0
DA:21,0
DA:22,0
DA:23,0
DA:24,0
DA:29,0
DA:32,0
DA:34,0
DA:35,0
DA:36,0
DA:41,0
DA:42,0
DA:46,0
DA:47,0
DA:48,0
DA:49,0
DA:52,0
DA:67,0
DA:71,0
DA:72,0
DA:92,0
DA:93,0
DA:102,0
DA:103,0
DA:105,0
DA:133,0
DA:140,0
DA:150,0
DA:151,0
DA:180,0
DA:181,0
DA:191,0
DA:192,0
DA:206,0
LF:43
LH:0
BRDA:23,0,0,0
BRDA:23,1,0,0
BRDA:23,1,1,0
BRDA:83,2,0,0
BRDA:83,2,1,0
BRDA:103,3,0,0
BRDA:166,4,0,0
BRDA:166,4,1,0
BRF:8
BRH:0
end_of_record
TN:
SF:src\components\checkout\CheckoutForm.tsx
FN:10,(anonymous_6)
FN:28,(anonymous_7)
FN:34,(anonymous_8)
FN:40,(anonymous_9)
FN:55,(anonymous_10)
FN:197,(anonymous_11)
FN:212,(anonymous_12)
FN:227,(anonymous_13)
FN:241,(anonymous_14)
FN:334,(anonymous_15)
FN:393,(anonymous_16)
FNF:11
FNH:0
FNDA:0,(anonymous_6)
FNDA:0,(anonymous_7)
FNDA:0,(anonymous_8)
FNDA:0,(anonymous_9)
FNDA:0,(anonymous_10)
FNDA:0,(anonymous_11)
FNDA:0,(anonymous_12)
FNDA:0,(anonymous_13)
FNDA:0,(anonymous_14)
FNDA:0,(anonymous_15)
FNDA:0,(anonymous_16)
DA:1,0
DA:2,0
DA:3,0
DA:4,0
DA:10,0
DA:11,0
DA:12,0
DA:13,0
DA:14,0
DA:28,0
DA:29,0
DA:30,0
DA:34,0
DA:35,0
DA:37,0
DA:40,0
DA:42,0
DA:45,0
DA:48,0
DA:50,0
DA:55,0
DA:56,0
DA:60,0
DA:61,0
DA:62,0
DA:63,0
DA:65,0
DA:197,0
DA:212,0
DA:227,0
DA:241,0
DA:335,0
DA:336,0
DA:338,0
DA:393,0
DA:394,0
DA:402,0
LF:37
LH:0
BRDA:61,0,0,0
BRDA:61,0,1,0
BRDA:251,1,0,0
BRDA:251,1,1,0
BRDA:336,2,0,0
BRDA:370,3,0,0
BRDA:370,3,1,0
BRF:7
BRH:0
end_of_record
TN:
SF:src\components\checkout\OrderConfirmation.tsx
FN:10,(anonymous_1)
FNF:1
FNH:0
FNDA:0,(anonymous_1)
DA:1,0
DA:2,0
DA:3,0
DA:10,0
DA:11,0
DA:59,0
LF:6
LH:0
BRF:0
BRH:0
end_of_record
TN:
SF:src\components\home\CustomRequest.tsx
FN:4,(anonymous_6)
FN:18,(anonymous_7)
FN:20,(anonymous_8)
FN:26,(anonymous_9)
FN:32,(anonymous_10)
FN:35,(anonymous_11)
FN:47,(anonymous_12)
FNF:7
FNH:0
FNDA:0,(anonymous_6)
FNDA:0,(anonymous_7)
FNDA:0,(anonymous_8)
FNDA:0,(anonymous_9)
FNDA:0,(anonymous_10)
FNDA:0,(anonymous_11)
FNDA:0,(anonymous_12)
DA:1,0
DA:2,0
DA:4,0
DA:5,0
DA:14,0
DA:15,0
DA:16,0
DA:18,0
DA:19,0
DA:20,0
DA:26,0
DA:27,0
DA:28,0
DA:32,0
DA:33,0
DA:34,0
DA:35,0
DA:36,0
DA:37,0
DA:38,0
DA:46,0
DA:47,0
DA:50,0
DA:191,0
LF:24
LH:0
BRDA:27,0,0,0
BRDA:27,1,0,0
BRDA:27,1,1,0
BRDA:149,2,0,0
BRDA:149,2,1,0
BRDA:177,3,0,0
BRDA:177,3,1,0
BRF:7
BRH:0
end_of_record
TN:
SF:src\components\home\FeaturedProducts.tsx
FN:10,(anonymous_6)
FN:12,(anonymous_7)
FN:18,(anonymous_8)
FN:22,(anonymous_9)
FN:46,(anonymous_10)
FN:50,(anonymous_11)
FN:51,(anonymous_12)
FN:75,(anonymous_13)
FN:92,(anonymous_14)
FNF:9
FNH:0
FNDA:0,(anonymous_6)
FNDA:0,(anonymous_7)
FNDA:0,(anonymous_8)
FNDA:0,(anonymous_9)
FNDA:0,(anonymous_10)
FNDA:0,(anonymous_11)
FNDA:0,(anonymous_12)
FNDA:0,(anonymous_13)
FNDA:0,(anonymous_14)
DA:1,0
DA:2,0
DA:3,0
DA:4,0
DA:10,0
DA:12,0
DA:13,0
DA:16,0
DA:18,0
DA:19,0
DA:22,0
DA:23,0
DA:24,0
DA:27,0
DA:47,0
DA:50,0
DA:51,0
DA:75,0
DA:92,0
DA:107,0
LF:20
LH:0
BRDA:58,0,0,0
BRDA:58,0,1,0
BRDA:64,1,0,0
BRDA:64,1,1,0
BRDA:72,2,0,0
BRDA:72,2,1,0
BRF:6
BRH:0
end_of_record
TN:
SF:src\components\home\Hero.tsx
FN:5,(anonymous_6)
FN:26,(anonymous_7)
FN:27,(anonymous_8)
FN:28,(anonymous_9)
FN:30,(anonymous_10)
FN:49,(anonymous_11)
FN:68,(anonymous_12)
FN:79,(anonymous_13)
FN:82,(anonymous_14)
FNF:9
FNH:0
FNDA:0,(anonymous_6)
FNDA:0,(anonymous_7)
FNDA:0,(anonymous_8)
FNDA:0,(anonymous_9)
FNDA:0,(anonymous_10)
FNDA:0,(anonymous_11)
FNDA:0,(anonymous_12)
FNDA:0,(anonymous_13)
FNDA:0,(anonymous_14)
DA:1,0
DA:2,0
DA:3,0
DA:5,0
DA:6,0
DA:8,0
DA:26,0
DA:27,0
DA:28,0
DA:30,0
DA:33,0
DA:50,0
DA:68,0
DA:80,0
DA:82,0
DA:93,0
LF:16
LH:0
BRDA:53,0,0,0
BRDA:53,0,1,0
BRDA:84,1,0,0
BRDA:84,1,1,0
BRF:4
BRH:0
end_of_record
TN:
SF:src\components\home\NewArrivals.tsx
FN:6,(anonymous_1)
FN:15,(anonymous_2)
FN:43,(anonymous_3)
FN:56,(anonymous_4)
FN:66,(anonymous_5)
FN:101,(anonymous_6)
FN:114,(anonymous_7)
FN:124,(anonymous_8)
FNF:8
FNH:0
FNDA:0,(anonymous_1)
FNDA:0,(anonymous_2)
FNDA:0,(anonymous_3)
FNDA:0,(anonymous_4)
FNDA:0,(anonymous_5)
FNDA:0,(anonymous_6)
FNDA:0,(anonymous_7)
FNDA:0,(anonymous_8)
DA:1,0
DA:2,0
DA:3,0
DA:4,0
DA:6,0
DA:7,0
DA:10,0
DA:13,0
DA:15,0
DA:16,0
DA:17,0
DA:20,0
DA:44,0
DA:56,0
DA:66,0
DA:102,0
DA:114,0
DA:124,0
DA:140,0
LF:19
LH:0
BRF:0
BRH:0
end_of_record
TN:
SF:src\components\layout\Footer.tsx
FN:4,(anonymous_1)
FNF:1
FNH:0
FNDA:0,(anonymous_1)
DA:1,0
DA:2,0
DA:4,0
DA:5,0
DA:84,0
LF:5
LH:0
BRF:0
BRH:0
end_of_record
TN:
SF:src\components\layout\Header.tsx
FN:7,(anonymous_7)
FN:14,(anonymous_8)
FN:15,(anonymous_9)
FN:39,(anonymous_10)
FN:42,(anonymous_11)
FN:43,(anonymous_12)
FN:44,(anonymous_13)
FN:47,(anonymous_14)
FN:52,(anonymous_15)
FN:103,(anonymous_16)
FN:178,(anonymous_17)
FN:194,(anonymous_18)
FNF:12
FNH:0
FNDA:0,(anonymous_7)
FNDA:0,(anonymous_8)
FNDA:0,(anonymous_9)
FNDA:0,(anonymous_10)
FNDA:0,(anonymous_11)
FNDA:0,(anonymous_12)
FNDA:0,(anonymous_13)
FNDA:0,(anonymous_14)
FNDA:0,(anonymous_15)
FNDA:0,(anonymous_16)
FNDA:0,(anonymous_17)
FNDA:0,(anonymous_18)
DA:1,0
DA:2,0
DA:3,0
DA:4,0
DA:5,0
DA:7,0
DA:8,0
DA:9,0
DA:10,0
DA:11,0
DA:12,0
DA:14,0
DA:15,0
DA:16,0
DA:19,0
DA:20,0
DA:21,0
DA:22,0
DA:24,0
DA:25,0
DA:27,0
DA:29,0
DA:30,0
DA:36,0
DA:38,0
DA:39,0
DA:42,0
DA:43,0
DA:44,0
DA:47,0
DA:48,0
DA:49,0
DA:52,0
DA:53,0
DA:54,0
DA:57,0
DA:58,0
DA:61,0
DA:68,0
DA:104,0
DA:179,0
DA:194,0
DA:199,0
LF:43
LH:0
BRDA:20,0,0,0
BRDA:24,1,0,0
BRDA:24,2,0,0
BRDA:24,2,1,0
BRDA:27,3,0,0
BRDA:27,3,1,0
BRDA:27,3,2,0
BRDA:27,3,3,0
BRDA:48,4,0,0
BRDA:49,5,0,0
BRDA:49,5,1,0
BRDA:53,6,0,0
BRDA:54,7,0,0
BRDA:54,7,1,0
BRDA:71,8,0,0
BRDA:71,8,1,0
BRDA:90,9,0,0
BRDA:90,9,1,0
BRDA:90,10,0,0
BRDA:90,10,1,0
BRDA:114,11,0,0
BRDA:114,11,1,0
BRDA:114,12,0,0
BRDA:114,12,1,0
BRDA:140,13,0,0
BRDA:140,13,1,0
BRDA:142,14,0,0
BRDA:142,14,1,0
BRDA:142,15,0,0
BRDA:142,15,1,0
BRDA:161,16,0,0
BRDA:161,16,1,0
BRDA:170,17,0,0
BRDA:170,17,1,0
BRDA:194,18,0,0
BRDA:194,18,1,0
BRF:36
BRH:0
end_of_record
TN:
SF:src\components\layout\Layout.tsx
FN:10,(anonymous_1)
FNF:1
FNH:0
FNDA:0,(anonymous_1)
DA:1,0
DA:2,0
DA:3,0
DA:4,0
DA:10,0
DA:11,0
DA:23,0
LF:7
LH:0
BRF:0
BRH:0
end_of_record
TN:
SF:src\components\product\ProductCard.tsx
FN:11,(anonymous_6)
FN:16,(anonymous_7)
FN:20,(anonymous_8)
FN:27,(anonymous_9)
FN:32,(anonymous_10)
FN:37,(anonymous_11)
FN:47,(anonymous_12)
FN:70,(anonymous_13)
FNF:8
FNH:0
FNDA:0,(anonymous_6)
FNDA:0,(anonymous_7)
FNDA:0,(anonymous_8)
FNDA:0,(anonymous_9)
FNDA:0,(anonymous_10)
FNDA:0,(anonymous_11)
FNDA:0,(anonymous_12)
FNDA:0,(anonymous_13)
DA:1,0
DA:3,0
DA:4,0
DA:11,0
DA:12,0
DA:13,0
DA:14,0
DA:16,0
DA:17,0
DA:20,0
DA:21,0
DA:22,0
DA:23,0
DA:27,0
DA:28,0
DA:29,0
DA:32,0
DA:33,0
DA:34,0
DA:37,0
DA:38,0
DA:39,0
DA:42,0
DA:47,0
DA:71,0
DA:93,0
LF:26
LH:0
BRDA:22,0,0,0
BRDA:57,1,0,0
BRDA:57,1,1,0
BRDA:59,2,0,0
BRDA:59,2,1,0
BRDA:61,3,0,0
BRDA:61,3,1,0
BRF:7
BRH:0
end_of_record
TN:
SF:src\components\product\ProductDetail.tsx
FN:12,(anonymous_6)
FN:24,(anonymous_7)
FN:25,(anonymous_8)
FN:28,(anonymous_9)
FN:29,(anonymous_10)
FN:33,(anonymous_11)
FN:45,(anonymous_12)
FN:186,(anonymous_13)
FN:196,(anonymous_14)
FN:199,(anonymous_15)
FN:221,(anonymous_16)
FN:229,(anonymous_17)
FN:232,(anonymous_18)
FN:250,(anonymous_19)
FN:290,(anonymous_20)
FN:293,(anonymous_21)
FN:354,(anonymous_22)
FN:367,(anonymous_23)
FN:370,(anonymous_24)
FNF:19
FNH:0
FNDA:0,(anonymous_6)
FNDA:0,(anonymous_7)
FNDA:0,(anonymous_8)
FNDA:0,(anonymous_9)
FNDA:0,(anonymous_10)
FNDA:0,(anonymous_11)
FNDA:0,(anonymous_12)
FNDA:0,(anonymous_13)
FNDA:0,(anonymous_14)
FNDA:0,(anonymous_15)
FNDA:0,(anonymous_16)
FNDA:0,(anonymous_17)
FNDA:0,(anonymous_18)
FNDA:0,(anonymous_19)
FNDA:0,(anonymous_20)
FNDA:0,(anonymous_21)
FNDA:0,(anonymous_22)
FNDA:0,(anonymous_23)
FNDA:0,(anonymous_24)
DA:1,0
DA:4,0
DA:5,0
DA:12,0
DA:13,0
DA:14,0
DA:15,0
DA:16,0
DA:17,0
DA:18,0
DA:19,0
DA:21,0
DA:24,0
DA:25,0
DA:28,0
DA:29,0
DA:33,0
DA:34,0
DA:36,0
DA:40,0
DA:45,0
DA:46,0
DA:49,0
DA:186,0
DA:197,0
DA:199,0
DA:221,0
DA:230,0
DA:232,0
DA:250,0
DA:291,0
DA:293,0
DA:354,0
DA:368,0
DA:370,0
DA:385,0
LF:36
LH:0
BRDA:14,0,0,0
BRDA:14,0,1,0
BRDA:25,1,0,0
BRDA:25,1,1,0
BRDA:29,2,0,0
BRDA:29,2,1,0
BRDA:34,3,0,0
BRDA:34,4,0,0
BRDA:34,4,1,0
BRDA:40,5,0,0
BRDA:40,5,1,0
BRDA:40,6,0,0
BRDA:40,6,1,0
BRDA:164,7,0,0
BRDA:164,7,1,0
BRDA:200,8,0,0
BRDA:200,8,1,0
BRDA:234,9,0,0
BRDA:234,9,1,0
BRDA:245,10,0,0
BRDA:245,10,1,0
BRDA:295,11,0,0
BRDA:295,11,1,0
BRDA:302,12,0,0
BRDA:302,12,1,0
BRDA:319,13,0,0
BRDA:319,13,1,0
BRDA:333,14,0,0
BRDA:333,14,1,0
BRDA:338,15,0,0
BRDA:338,15,1,0
BRDA:338,15,2,0
BRDA:340,16,0,0
BRDA:340,16,1,0
BRDA:341,17,0,0
BRDA:341,17,1,0
BRDA:341,18,0,0
BRDA:341,18,1,0
BRDA:342,19,0,0
BRDA:342,19,1,0
BRDA:350,20,0,0
BRDA:350,20,1,0
BRDA:372,21,0,0
BRDA:372,21,1,0
BRF:44
BRH:0
end_of_record
TN:
SF:src\components\product\ProductGrid.tsx
FN:11,(anonymous_7)
FN:24,(anonymous_8)
FN:33,(anonymous_9)
FN:42,(anonymous_10)
FN:52,(anonymous_11)
FN:64,(anonymous_12)
FN:68,(anonymous_13)
FN:81,(anonymous_14)
FN:94,(anonymous_15)
FN:111,(anonymous_16)
FNF:10
FNH:0
FNDA:0,(anonymous_7)
FNDA:0,(anonymous_8)
FNDA:0,(anonymous_9)
FNDA:0,(anonymous_10)
FNDA:0,(anonymous_11)
FNDA:0,(anonymous_12)
FNDA:0,(anonymous_13)
FNDA:0,(anonymous_14)
FNDA:0,(anonymous_15)
FNDA:0,(anonymous_16)
DA:1,0
DA:3,0
DA:4,0
DA:11,0
DA:12,0
DA:14,0
DA:24,0
DA:33,0
DA:42,0
DA:53,0
DA:65,0
DA:68,0
DA:82,0
DA:95,0
DA:96,0
DA:112,0
DA:129,0
LF:17
LH:0
BRDA:22,0,0,0
BRDA:22,0,1,0
BRDA:31,1,0,0
BRDA:31,1,1,0
BRDA:40,2,0,0
BRDA:40,2,1,0
BRDA:50,3,0,0
BRDA:50,3,1,0
BRDA:62,4,0,0
BRDA:62,4,1,0
BRDA:108,5,0,0
BRDA:108,5,1,0
BRF:12
BRH:0
end_of_record
TN:
SF:src\components\ui\Button.tsx
FN:11,(anonymous_1)
FNF:1
FNH:0
FNDA:0,(anonymous_1)
DA:1,0
DA:11,0
DA:21,0
DA:23,0
DA:30,0
DA:36,0
DA:37,0
DA:38,0
DA:40,0
LF:9
LH:0
BRDA:12,0,0,0
BRDA:13,1,0,0
BRDA:14,2,0,0
BRDA:15,3,0,0
BRDA:17,4,0,0
BRDA:36,5,0,0
BRDA:36,5,1,0
BRDA:37,6,0,0
BRDA:37,6,1,0
BRDA:37,7,0,0
BRDA:37,7,1,0
BRDA:43,8,0,0
BRDA:43,8,1,0
BRDA:46,9,0,0
BRDA:46,9,1,0
BRF:15
BRH:0
end_of_record
TN:
SF:src\components\ui\LoadingSkeleton.tsx
FN:3,(anonymous_1)
FN:11,(anonymous_2)
FN:33,(anonymous_3)
FN:42,(anonymous_4)
FNF:4
FNH:0
FNDA:0,(anonymous_1)
FNDA:0,(anonymous_2)
FNDA:0,(anonymous_3)
FNDA:0,(anonymous_4)
DA:1,0
DA:3,0
DA:4,0
DA:12,0
DA:34,0
DA:43,0
DA:60,0
LF:7
LH:0
BRF:0
BRH:0
end_of_record
TN:
SF:src\components\ui\ScrollToTop.tsx
FN:5,(anonymous_6)
FN:8,(anonymous_7)
FN:9,(anonymous_8)
FN:18,(anonymous_9)
FN:21,(anonymous_10)
FNF:5
FNH:0
FNDA:0,(anonymous_6)
FNDA:0,(anonymous_7)
FNDA:0,(anonymous_8)
FNDA:0,(anonymous_9)
FNDA:0,(anonymous_10)
DA:1,0
DA:2,0
DA:3,0
DA:5,0
DA:6,0
DA:8,0
DA:9,0
DA:10,0
DA:11,0
DA:13,0
DA:17,0
DA:18,0
DA:21,0
DA:22,0
DA:28,0
DA:48,0
LF:16
LH:0
BRDA:10,0,0,0
BRDA:10,0,1,0
BRDA:30,1,0,0
BRDA:30,1,1,0
BRF:4
BRH:0
end_of_record
TN:
SF:src\context\CartContext.tsx
FN:31,(anonymous_6)
FN:41,(anonymous_7)
FN:72,(anonymous_8)
FN:103,(anonymous_9)
FN:104,(anonymous_10)
FN:111,(anonymous_11)
FN:119,(anonymous_12)
FN:124,(anonymous_13)
FN:128,(anonymous_14)
FN:132,(anonymous_15)
FN:136,(anonymous_16)
FN:140,(anonymous_17)
FN:142,(anonymous_18)
FN:157,(anonymous_19)
FNF:14
FNH:0
FNDA:0,(anonymous_6)
FNDA:0,(anonymous_7)
FNDA:0,(anonymous_8)
FNDA:0,(anonymous_9)
FNDA:0,(anonymous_10)
FNDA:0,(anonymous_11)
FNDA:0,(anonymous_12)
FNDA:0,(anonymous_13)
FNDA:0,(anonymous_14)
FNDA:0,(anonymous_15)
FNDA:0,(anonymous_16)
FNDA:0,(anonymous_17)
FNDA:0,(anonymous_18)
FNDA:0,(anonymous_19)
DA:1,0
DA:3,0
DA:6,0
DA:28,0
DA:31,0
DA:32,0
DA:34,0
DA:35,0
DA:37,0
DA:40,0
DA:41,0
DA:44,0
DA:46,0
DA:47,0
DA:49,0
DA:57,0
DA:64,0
DA:72,0
DA:73,0
DA:81,0
DA:82,0
DA:84,0
DA:85,0
DA:87,0
DA:95,0
DA:98,0
DA:103,0
DA:104,0
DA:105,0
DA:106,0
DA:111,0
DA:113,0
DA:114,0
DA:116,0
DA:119,0
DA:120,0
DA:124,0
DA:125,0
DA:128,0
DA:129,0
DA:132,0
DA:133,0
DA:136,0
DA:137,0
DA:140,0
DA:141,0
DA:143,0
DA:149,0
DA:157,0
DA:158,0
DA:159,0
DA:160,0
DA:162,0
LF:53
LH:0
BRDA:32,0,0,0
BRDA:32,0,1,0
BRDA:32,0,2,0
BRDA:32,0,3,0
BRDA:32,0,4,0
BRDA:37,1,0,0
BRDA:41,2,0,0
BRDA:41,2,1,0
BRDA:41,2,2,0
BRDA:44,3,0,0
BRDA:82,4,0,0
BRDA:106,5,0,0
BRDA:106,5,1,0
BRDA:114,6,0,0
BRDA:114,6,1,0
BRDA:143,7,0,0
BRDA:143,7,1,0
BRDA:143,7,2,0
BRDA:159,8,0,0
BRF:19
BRH:0
end_of_record
TN:
SF:src\data\products.ts
FN:153,(anonymous_0)
FN:154,(anonymous_1)
FN:157,(anonymous_2)
FN:158,(anonymous_3)
FN:161,(anonymous_4)
FN:162,(anonymous_5)
FNF:6
FNH:0
FNDA:0,(anonymous_0)
FNDA:0,(anonymous_1)
FNDA:0,(anonymous_2)
FNDA:0,(anonymous_3)
FNDA:0,(anonymous_4)
FNDA:0,(anonymous_5)
DA:3,0
DA:153,0
DA:154,0
DA:157,0
DA:158,0
DA:161,0
DA:162,0
LF:7
LH:0
BRF:0
BRH:0
end_of_record
TN:
SF:src\pages\About.tsx
FN:4,TshirtStoreAboutUs
FN:55,(anonymous_2)
FNF:2
FNH:0
FNDA:0,TshirtStoreAboutUs
FNDA:0,(anonymous_2)
DA:1,0
DA:2,0
DA:4,0
DA:5,0
DA:56,0
LF:5
LH:0
BRF:0
BRH:0
end_of_record
TN:
SF:src\pages\CheckoutPage.tsx
FN:6,(anonymous_7)
FN:11,(anonymous_8)
FN:17,(anonymous_9)
FNF:3
FNH:0
FNDA:0,(anonymous_7)
FNDA:0,(anonymous_8)
FNDA:0,(anonymous_9)
DA:1,0
DA:2,0
DA:3,0
DA:4,0
DA:6,0
DA:7,0
DA:8,0
DA:9,0
DA:11,0
DA:12,0
DA:13,0
DA:14,0
DA:17,0
DA:18,0
DA:21,0
DA:32,0
LF:16
LH:0
BRDA:23,0,0,0
BRDA:23,0,1,0
BRF:2
BRH:0
end_of_record
TN:
SF:src\pages\HomePage.tsx
FN:8,(anonymous_1)
FN:11,(anonymous_2)
FNF:2
FNH:0
FNDA:0,(anonymous_1)
FNDA:0,(anonymous_2)
DA:1,0
DA:2,0
DA:3,0
DA:4,0
DA:5,0
DA:6,0
DA:8,0
DA:9,0
DA:11,0
DA:12,0
DA:15,0
DA:114,0
LF:12
LH:0
BRF:0
BRH:0
end_of_record
TN:
SF:src\pages\NewArrivalsPage.tsx
FN:18,(anonymous_6)
FN:22,(anonymous_7)
FN:24,(anonymous_8)
FN:40,(anonymous_9)
FN:41,(anonymous_10)
FN:45,(anonymous_11)
FN:71,(anonymous_12)
FN:93,(anonymous_13)
FN:109,(anonymous_14)
FN:117,(anonymous_15)
FN:119,(anonymous_16)
FN:120,(anonymous_17)
FN:128,(anonymous_18)
FN:131,(anonymous_19)
FN:141,(anonymous_20)
FN:145,(anonymous_21)
FN:149,(anonymous_22)
FN:243,(anonymous_23)
FN:250,(anonymous_24)
FN:278,(anonymous_25)
FN:296,(anonymous_26)
FNF:21
FNH:0
FNDA:0,(anonymous_6)
FNDA:0,(anonymous_7)
FNDA:0,(anonymous_8)
FNDA:0,(anonymous_9)
FNDA:0,(anonymous_10)
FNDA:0,(anonymous_11)
FNDA:0,(anonymous_12)
FNDA:0,(anonymous_13)
FNDA:0,(anonymous_14)
FNDA:0,(anonymous_15)
FNDA:0,(anonymous_16)
FNDA:0,(anonymous_17)
FNDA:0,(anonymous_18)
FNDA:0,(anonymous_19)
FNDA:0,(anonymous_20)
FNDA:0,(anonymous_21)
FNDA:0,(anonymous_22)
FNDA:0,(anonymous_23)
FNDA:0,(anonymous_24)
FNDA:0,(anonymous_25)
FNDA:0,(anonymous_26)
DA:1,0
DA:2,0
DA:3,0
DA:4,0
DA:5,0
DA:18,0
DA:19,0
DA:20,0
DA:22,0
DA:23,0
DA:24,0
DA:25,0
DA:30,0
DA:40,0
DA:42,0
DA:43,0
DA:45,0
DA:72,0
DA:73,0
DA:93,0
DA:109,0
DA:110,0
DA:111,0
DA:112,0
DA:113,0
DA:114,0
DA:116,0
DA:117,0
DA:119,0
DA:120,0
DA:121,0
DA:122,0
DA:123,0
DA:127,0
DA:128,0
DA:131,0
DA:132,0
DA:133,0
DA:135,0
DA:136,0
DA:138,0
DA:141,0
DA:142,0
DA:145,0
DA:146,0
DA:149,0
DA:150,0
DA:151,0
DA:154,0
DA:244,0
DA:250,0
DA:278,0
DA:297,0
DA:323,0
LF:54
LH:0
BRDA:23,0,0,0
BRDA:25,1,0,0
BRDA:25,1,1,0
BRDA:53,2,0,0
BRDA:53,2,1,0
BRDA:60,3,0,0
BRDA:60,3,1,0
BRDA:98,4,0,0
BRDA:98,4,1,0
BRDA:122,5,0,0
BRDA:132,6,0,0
BRDA:132,7,0,0
BRDA:132,7,1,0
BRDA:135,8,0,0
BRDA:135,9,0,0
BRDA:135,9,1,0
BRDA:194,10,0,0
BRDA:194,10,1,0
BRDA:200,11,0,0
BRDA:200,11,1,0
BRDA:217,12,0,0
BRDA:217,12,1,0
BRDA:217,12,2,0
BRDA:250,13,0,0
BRDA:250,13,1,0
BRDA:291,14,0,0
BRDA:291,14,1,0
BRF:27
BRH:0
end_of_record
TN:
SF:src\pages\ProductPage.tsx
FN:7,(anonymous_7)
FN:13,(anonymous_8)
FN:15,(anonymous_9)
FN:23,(anonymous_10)
FN:26,(anonymous_11)
FNF:5
FNH:0
FNDA:0,(anonymous_7)
FNDA:0,(anonymous_8)
FNDA:0,(anonymous_9)
FNDA:0,(anonymous_10)
FNDA:0,(anonymous_11)
DA:1,0
DA:2,0
DA:3,0
DA:4,0
DA:5,0
DA:7,0
DA:8,0
DA:9,0
DA:10,0
DA:11,0
DA:13,0
DA:15,0
DA:16,0
DA:17,0
DA:18,0
DA:20,0
DA:23,0
DA:26,0
DA:27,0
DA:30,0
DA:31,0
DA:34,0
DA:35,0
DA:49,0
DA:56,0
LF:25
LH:0
BRDA:16,0,0,0
BRDA:30,1,0,0
BRDA:34,2,0,0
BRF:3
BRH:0
end_of_record
TN:
SF:src\pages\ShopPage.tsx
FN:17,(anonymous_6)
FN:20,(anonymous_7)
FN:22,(anonymous_8)
FN:32,(anonymous_9)
FN:61,(anonymous_10)
FN:75,(anonymous_11)
FN:81,(anonymous_12)
FN:89,(anonymous_13)
FN:101,(anonymous_14)
FN:113,(anonymous_15)
FN:131,(anonymous_16)
FN:148,(anonymous_17)
FN:161,(anonymous_18)
FN:169,(anonymous_19)
FN:172,(anonymous_20)
FN:173,(anonymous_21)
FN:181,(anonymous_22)
FN:185,(anonymous_23)
FN:195,(anonymous_24)
FN:199,(anonymous_25)
FN:203,(anonymous_26)
FN:257,(anonymous_27)
FN:264,(anonymous_28)
FN:292,(anonymous_29)
FNF:24
FNH:0
FNDA:0,(anonymous_6)
FNDA:0,(anonymous_7)
FNDA:0,(anonymous_8)
FNDA:0,(anonymous_9)
FNDA:0,(anonymous_10)
FNDA:0,(anonymous_11)
FNDA:0,(anonymous_12)
FNDA:0,(anonymous_13)
FNDA:0,(anonymous_14)
FNDA:0,(anonymous_15)
FNDA:0,(anonymous_16)
FNDA:0,(anonymous_17)
FNDA:0,(anonymous_18)
FNDA:0,(anonymous_19)
FNDA:0,(anonymous_20)
FNDA:0,(anonymous_21)
FNDA:0,(anonymous_22)
FNDA:0,(anonymous_23)
FNDA:0,(anonymous_24)
FNDA:0,(anonymous_25)
FNDA:0,(anonymous_26)
FNDA:0,(anonymous_27)
FNDA:0,(anonymous_28)
FNDA:0,(anonymous_29)
DA:1,0
DA:2,0
DA:3,0
DA:4,0
DA:17,0
DA:18,0
DA:20,0
DA:21,0
DA:22,0
DA:23,0
DA:28,0
DA:32,0
DA:61,0
DA:75,0
DA:79,0
DA:82,0
DA:89,0
DA:90,0
DA:92,0
DA:101,0
DA:113,0
DA:131,0
DA:148,0
DA:161,0
DA:162,0
DA:163,0
DA:164,0
DA:165,0
DA:166,0
DA:169,0
DA:172,0
DA:173,0
DA:174,0
DA:175,0
DA:176,0
DA:180,0
DA:181,0
DA:185,0
DA:186,0
DA:187,0
DA:189,0
DA:190,0
DA:192,0
DA:195,0
DA:196,0
DA:199,0
DA:200,0
DA:203,0
DA:204,0
DA:205,0
DA:208,0
DA:258,0
DA:264,0
DA:292,0
DA:323,0
LF:55
LH:0
BRDA:21,0,0,0
BRDA:23,1,0,0
BRDA:23,1,1,0
BRDA:41,2,0,0
BRDA:41,2,1,0
BRDA:175,3,0,0
BRDA:186,4,0,0
BRDA:186,5,0,0
BRDA:186,5,1,0
BRDA:189,6,0,0
BRDA:189,7,0,0
BRDA:189,7,1,0
BRDA:224,8,0,0
BRDA:224,8,1,0
BRDA:240,9,0,0
BRDA:240,9,1,0
BRDA:240,9,2,0
BRDA:264,10,0,0
BRDA:264,10,1,0
BRDA:304,11,0,0
BRDA:304,11,1,0
BRF:21
BRH:0
end_of_record
